{"C:\\Users\\61963\\Javascript\\Projects\\Node.js\\Data Validation\\index.js": {"path":"C:\\Users\\61963\\Javascript\\Projects\\Node.js\\Data Validation\\index.js","statementMap":{"0":{"start":{"line":9,"column":0},"end":{"line":11,"column":1}},"1":{"start":{"line":10,"column":4},"end":{"line":10,"column":18}},"2":{"start":{"line":13,"column":12},"end":{"line":13,"column":21}},"3":{"start":{"line":14,"column":0},"end":{"line":14,"column":15}},"4":{"start":{"line":16,"column":0},"end":{"line":16,"column":17}},"5":{"start":{"line":18,"column":13},"end":{"line":18,"column":37}},"6":{"start":{"line":21,"column":0},"end":{"line":25,"column":1}},"7":{"start":{"line":22,"column":4},"end":{"line":24,"column":7}},"8":{"start":{"line":23,"column":8},"end":{"line":23,"column":61}}},"fnMap":{"0":{"name":"(anonymous_0)","decl":{"start":{"line":22,"column":30},"end":{"line":22,"column":31}},"loc":{"start":{"line":22,"column":36},"end":{"line":24,"column":5}},"line":22}},"branchMap":{"0":{"loc":{"start":{"line":9,"column":0},"end":{"line":11,"column":1}},"type":"if","locations":[{"start":{"line":9,"column":0},"end":{"line":11,"column":1}},{"start":{},"end":{}}],"line":9},"1":{"loc":{"start":{"line":18,"column":13},"end":{"line":18,"column":37}},"type":"binary-expr","locations":[{"start":{"line":18,"column":13},"end":{"line":18,"column":29}},{"start":{"line":18,"column":33},"end":{"line":18,"column":37}}],"line":18},"2":{"loc":{"start":{"line":21,"column":0},"end":{"line":25,"column":1}},"type":"if","locations":[{"start":{"line":21,"column":0},"end":{"line":25,"column":1}},{"start":{},"end":{}}],"line":21}},"s":{"0":2,"1":0,"2":2,"3":2,"4":2,"5":2,"6":2,"7":0,"8":0},"f":{"0":0},"b":{"0":[0,2],"1":[2,2],"2":[0,2]},"inputSourceMap":null,"_coverageSchema":"1a1c01bbd47fc00a2c39e90264f33305004495a9","hash":"5f34b564fcec4ee2b140369eb7f6469effe6c5f6"}
,"C:\\Users\\61963\\Javascript\\Projects\\Node.js\\Data Validation\\dao\\customers\\create.js": {"path":"C:\\Users\\61963\\Javascript\\Projects\\Node.js\\Data Validation\\dao\\customers\\create.js","statementMap":{"0":{"start":{"line":4,"column":21},"end":{"line":4,"column":47}},"1":{"start":{"line":5,"column":19},"end":{"line":5,"column":40}},"2":{"start":{"line":6,"column":4},"end":{"line":6,"column":18}}},"fnMap":{"0":{"name":"createCustomer","decl":{"start":{"line":3,"column":15},"end":{"line":3,"column":29}},"loc":{"start":{"line":3,"column":43},"end":{"line":7,"column":1}},"line":3}},"branchMap":{},"s":{"0":0,"1":0,"2":0},"f":{"0":0},"b":{},"inputSourceMap":null,"_coverageSchema":"1a1c01bbd47fc00a2c39e90264f33305004495a9","hash":"c400d62db0a5ea0e1bc64b7f0fe0c08164fab7d9"}
,"C:\\Users\\61963\\Javascript\\Projects\\Node.js\\Data Validation\\dao\\customers\\read.js": {"path":"C:\\Users\\61963\\Javascript\\Projects\\Node.js\\Data Validation\\dao\\customers\\read.js","statementMap":{"0":{"start":{"line":4,"column":21},"end":{"line":4,"column":49}},"1":{"start":{"line":5,"column":4},"end":{"line":5,"column":20}},"2":{"start":{"line":9,"column":22},"end":{"line":9,"column":44}},"3":{"start":{"line":10,"column":4},"end":{"line":10,"column":21}}},"fnMap":{"0":{"name":"readCustomer","decl":{"start":{"line":3,"column":15},"end":{"line":3,"column":27}},"loc":{"start":{"line":3,"column":32},"end":{"line":6,"column":1}},"line":3},"1":{"name":"readCustomers","decl":{"start":{"line":8,"column":15},"end":{"line":8,"column":28}},"loc":{"start":{"line":8,"column":31},"end":{"line":11,"column":1}},"line":8}},"branchMap":{},"s":{"0":0,"1":0,"2":0,"3":0},"f":{"0":0,"1":0},"b":{},"inputSourceMap":null,"_coverageSchema":"1a1c01bbd47fc00a2c39e90264f33305004495a9","hash":"497f4069516e619997cfbbda67ec867323a810ec"}
,"C:\\Users\\61963\\Javascript\\Projects\\Node.js\\Data Validation\\dao\\genres\\create.js": {"path":"C:\\Users\\61963\\Javascript\\Projects\\Node.js\\Data Validation\\dao\\genres\\create.js","statementMap":{"0":{"start":{"line":4,"column":18},"end":{"line":4,"column":37}},"1":{"start":{"line":5,"column":19},"end":{"line":5,"column":37}},"2":{"start":{"line":6,"column":4},"end":{"line":6,"column":18}}},"fnMap":{"0":{"name":"createGenre","decl":{"start":{"line":3,"column":15},"end":{"line":3,"column":26}},"loc":{"start":{"line":3,"column":37},"end":{"line":7,"column":1}},"line":3}},"branchMap":{},"s":{"0":3,"1":3,"2":3},"f":{"0":3},"b":{},"inputSourceMap":null,"_coverageSchema":"1a1c01bbd47fc00a2c39e90264f33305004495a9","hash":"3f0b069d7d067c28a300acae8168c133381eb376"}
,"C:\\Users\\61963\\Javascript\\Projects\\Node.js\\Data Validation\\dao\\genres\\delete.js": {"path":"C:\\Users\\61963\\Javascript\\Projects\\Node.js\\Data Validation\\dao\\genres\\delete.js","statementMap":{"0":{"start":{"line":4,"column":18},"end":{"line":4,"column":58}},"1":{"start":{"line":5,"column":4},"end":{"line":5,"column":16}}},"fnMap":{"0":{"name":"removeGenre","decl":{"start":{"line":3,"column":15},"end":{"line":3,"column":26}},"loc":{"start":{"line":3,"column":31},"end":{"line":6,"column":1}},"line":3}},"branchMap":{},"s":{"0":0,"1":0},"f":{"0":0},"b":{},"inputSourceMap":null,"_coverageSchema":"1a1c01bbd47fc00a2c39e90264f33305004495a9","hash":"81eea0053620f997f3c91395892932203720dc6d"}
,"C:\\Users\\61963\\Javascript\\Projects\\Node.js\\Data Validation\\dao\\genres\\read.js": {"path":"C:\\Users\\61963\\Javascript\\Projects\\Node.js\\Data Validation\\dao\\genres\\read.js","statementMap":{"0":{"start":{"line":4,"column":19},"end":{"line":4,"column":37}},"1":{"start":{"line":5,"column":4},"end":{"line":5,"column":18}},"2":{"start":{"line":9,"column":18},"end":{"line":9,"column":42}},"3":{"start":{"line":10,"column":4},"end":{"line":10,"column":17}}},"fnMap":{"0":{"name":"findGenres","decl":{"start":{"line":3,"column":15},"end":{"line":3,"column":25}},"loc":{"start":{"line":3,"column":28},"end":{"line":6,"column":1}},"line":3},"1":{"name":"findGenreById","decl":{"start":{"line":8,"column":15},"end":{"line":8,"column":28}},"loc":{"start":{"line":8,"column":32},"end":{"line":11,"column":1}},"line":8}},"branchMap":{},"s":{"0":1,"1":1,"2":1,"3":1},"f":{"0":1,"1":1},"b":{},"inputSourceMap":null,"_coverageSchema":"1a1c01bbd47fc00a2c39e90264f33305004495a9","hash":"6c1f278b76b4ef6aec4986534f6de3ebc463e10c"}
,"C:\\Users\\61963\\Javascript\\Projects\\Node.js\\Data Validation\\dao\\genres\\update.js": {"path":"C:\\Users\\61963\\Javascript\\Projects\\Node.js\\Data Validation\\dao\\genres\\update.js","statementMap":{"0":{"start":{"line":4,"column":18},"end":{"line":8,"column":35}},"1":{"start":{"line":9,"column":4},"end":{"line":9,"column":16}}},"fnMap":{"0":{"name":"updateGenre","decl":{"start":{"line":3,"column":15},"end":{"line":3,"column":26}},"loc":{"start":{"line":3,"column":45},"end":{"line":10,"column":1}},"line":3}},"branchMap":{},"s":{"0":0,"1":0},"f":{"0":0},"b":{},"inputSourceMap":null,"_coverageSchema":"1a1c01bbd47fc00a2c39e90264f33305004495a9","hash":"c13c3d6a7a40e499e13ef60d94aa95f573e4a354"}
,"C:\\Users\\61963\\Javascript\\Projects\\Node.js\\Data Validation\\dao\\movies\\create.js": {"path":"C:\\Users\\61963\\Javascript\\Projects\\Node.js\\Data Validation\\dao\\movies\\create.js","statementMap":{"0":{"start":{"line":4,"column":18},"end":{"line":4,"column":37}},"1":{"start":{"line":5,"column":19},"end":{"line":5,"column":37}},"2":{"start":{"line":6,"column":4},"end":{"line":6,"column":18}}},"fnMap":{"0":{"name":"createMovie","decl":{"start":{"line":3,"column":15},"end":{"line":3,"column":26}},"loc":{"start":{"line":3,"column":37},"end":{"line":7,"column":1}},"line":3}},"branchMap":{},"s":{"0":0,"1":0,"2":0},"f":{"0":0},"b":{},"inputSourceMap":null,"_coverageSchema":"1a1c01bbd47fc00a2c39e90264f33305004495a9","hash":"4fd92680537985026b8016b73885d9a44d0110ef"}
,"C:\\Users\\61963\\Javascript\\Projects\\Node.js\\Data Validation\\dao\\movies\\delete.js": {"path":"C:\\Users\\61963\\Javascript\\Projects\\Node.js\\Data Validation\\dao\\movies\\delete.js","statementMap":{"0":{"start":{"line":4,"column":18},"end":{"line":4,"column":51}},"1":{"start":{"line":5,"column":4},"end":{"line":5,"column":17}}},"fnMap":{"0":{"name":"deleteMovie","decl":{"start":{"line":3,"column":15},"end":{"line":3,"column":26}},"loc":{"start":{"line":3,"column":31},"end":{"line":6,"column":1}},"line":3}},"branchMap":{},"s":{"0":0,"1":0},"f":{"0":0},"b":{},"inputSourceMap":null,"_coverageSchema":"1a1c01bbd47fc00a2c39e90264f33305004495a9","hash":"50d588e77998964fbf36983cb95b3d842b956c34"}
,"C:\\Users\\61963\\Javascript\\Projects\\Node.js\\Data Validation\\dao\\movies\\read.js": {"path":"C:\\Users\\61963\\Javascript\\Projects\\Node.js\\Data Validation\\dao\\movies\\read.js","statementMap":{"0":{"start":{"line":4,"column":18},"end":{"line":4,"column":42}},"1":{"start":{"line":5,"column":4},"end":{"line":5,"column":17}},"2":{"start":{"line":9,"column":19},"end":{"line":9,"column":37}},"3":{"start":{"line":10,"column":4},"end":{"line":10,"column":18}}},"fnMap":{"0":{"name":"readMovie","decl":{"start":{"line":3,"column":15},"end":{"line":3,"column":24}},"loc":{"start":{"line":3,"column":29},"end":{"line":6,"column":1}},"line":3},"1":{"name":"readMovies","decl":{"start":{"line":8,"column":15},"end":{"line":8,"column":25}},"loc":{"start":{"line":8,"column":28},"end":{"line":11,"column":1}},"line":8}},"branchMap":{},"s":{"0":0,"1":0,"2":0,"3":0},"f":{"0":0,"1":0},"b":{},"inputSourceMap":null,"_coverageSchema":"1a1c01bbd47fc00a2c39e90264f33305004495a9","hash":"75f303a68fa5e3c5c3db9580a7e3aeeb1aa4ae1a"}
,"C:\\Users\\61963\\Javascript\\Projects\\Node.js\\Data Validation\\dao\\movies\\update.js": {"path":"C:\\Users\\61963\\Javascript\\Projects\\Node.js\\Data Validation\\dao\\movies\\update.js","statementMap":{"0":{"start":{"line":4,"column":18},"end":{"line":8,"column":5}},"1":{"start":{"line":9,"column":4},"end":{"line":9,"column":17}}},"fnMap":{"0":{"name":"updateMovie","decl":{"start":{"line":3,"column":15},"end":{"line":3,"column":26}},"loc":{"start":{"line":3,"column":45},"end":{"line":10,"column":1}},"line":3}},"branchMap":{},"s":{"0":0,"1":0},"f":{"0":0},"b":{},"inputSourceMap":null,"_coverageSchema":"1a1c01bbd47fc00a2c39e90264f33305004495a9","hash":"6371bcd742b5758956c116bcef19637949b5b8b9"}
,"C:\\Users\\61963\\Javascript\\Projects\\Node.js\\Data Validation\\dao\\rentals\\create.js": {"path":"C:\\Users\\61963\\Javascript\\Projects\\Node.js\\Data Validation\\dao\\rentals\\create.js","statementMap":{"0":{"start":{"line":7,"column":16},"end":{"line":7,"column":34}},"1":{"start":{"line":8,"column":4},"end":{"line":8,"column":24}},"2":{"start":{"line":9,"column":4},"end":{"line":9,"column":15}},"3":{"start":{"line":13,"column":20},"end":{"line":13,"column":49}},"4":{"start":{"line":16,"column":4},"end":{"line":57,"column":5}},"5":{"start":{"line":17,"column":8},"end":{"line":52,"column":11}},"6":{"start":{"line":18,"column":29},"end":{"line":18,"column":91}},"7":{"start":{"line":19,"column":12},"end":{"line":21,"column":13}},"8":{"start":{"line":20,"column":16},"end":{"line":20,"column":88}},"9":{"start":{"line":23,"column":26},"end":{"line":23,"column":82}},"10":{"start":{"line":24,"column":12},"end":{"line":26,"column":13}},"11":{"start":{"line":25,"column":16},"end":{"line":25,"column":85}},"12":{"start":{"line":28,"column":12},"end":{"line":30,"column":13}},"13":{"start":{"line":29,"column":16},"end":{"line":29,"column":69}},"14":{"start":{"line":32,"column":29},"end":{"line":46,"column":28}},"15":{"start":{"line":48,"column":12},"end":{"line":48,"column":37}},"16":{"start":{"line":49,"column":12},"end":{"line":49,"column":42}},"17":{"start":{"line":51,"column":12},"end":{"line":51,"column":35}},"18":{"start":{"line":54,"column":8},"end":{"line":54,"column":29}},"19":{"start":{"line":56,"column":8},"end":{"line":56,"column":35}}},"fnMap":{"0":{"name":"createHttpError","decl":{"start":{"line":6,"column":9},"end":{"line":6,"column":24}},"loc":{"start":{"line":6,"column":42},"end":{"line":10,"column":1}},"line":6},"1":{"name":"createRental","decl":{"start":{"line":12,"column":15},"end":{"line":12,"column":27}},"loc":{"start":{"line":12,"column":39},"end":{"line":58,"column":1}},"line":12},"2":{"name":"(anonymous_2)","decl":{"start":{"line":17,"column":38},"end":{"line":17,"column":39}},"loc":{"start":{"line":17,"column":50},"end":{"line":52,"column":9}},"line":17}},"branchMap":{"0":{"loc":{"start":{"line":19,"column":12},"end":{"line":21,"column":13}},"type":"if","locations":[{"start":{"line":19,"column":12},"end":{"line":21,"column":13}},{"start":{},"end":{}}],"line":19},"1":{"loc":{"start":{"line":24,"column":12},"end":{"line":26,"column":13}},"type":"if","locations":[{"start":{"line":24,"column":12},"end":{"line":26,"column":13}},{"start":{},"end":{}}],"line":24},"2":{"loc":{"start":{"line":28,"column":12},"end":{"line":30,"column":13}},"type":"if","locations":[{"start":{"line":28,"column":12},"end":{"line":30,"column":13}},{"start":{},"end":{}}],"line":28}},"s":{"0":0,"1":0,"2":0,"3":0,"4":0,"5":0,"6":0,"7":0,"8":0,"9":0,"10":0,"11":0,"12":0,"13":0,"14":0,"15":0,"16":0,"17":0,"18":0,"19":0},"f":{"0":0,"1":0,"2":0},"b":{"0":[0,0],"1":[0,0],"2":[0,0]},"inputSourceMap":null,"_coverageSchema":"1a1c01bbd47fc00a2c39e90264f33305004495a9","hash":"3c9aca38c653dff5380408ecba189bbf90797e0d"}
,"C:\\Users\\61963\\Javascript\\Projects\\Node.js\\Data Validation\\dao\\rentals\\read.js": {"path":"C:\\Users\\61963\\Javascript\\Projects\\Node.js\\Data Validation\\dao\\rentals\\read.js","statementMap":{"0":{"start":{"line":4,"column":19},"end":{"line":4,"column":44}},"1":{"start":{"line":5,"column":4},"end":{"line":5,"column":18}},"2":{"start":{"line":9,"column":20},"end":{"line":9,"column":39}},"3":{"start":{"line":10,"column":4},"end":{"line":10,"column":19}}},"fnMap":{"0":{"name":"readRental","decl":{"start":{"line":3,"column":15},"end":{"line":3,"column":25}},"loc":{"start":{"line":3,"column":30},"end":{"line":6,"column":1}},"line":3},"1":{"name":"readRentals","decl":{"start":{"line":8,"column":15},"end":{"line":8,"column":26}},"loc":{"start":{"line":8,"column":29},"end":{"line":11,"column":1}},"line":8}},"branchMap":{},"s":{"0":0,"1":0,"2":0,"3":0},"f":{"0":0,"1":0},"b":{},"inputSourceMap":null,"_coverageSchema":"1a1c01bbd47fc00a2c39e90264f33305004495a9","hash":"f7843418684d34dd9d5b005cb14556ec0ed0383f"}
,"C:\\Users\\61963\\Javascript\\Projects\\Node.js\\Data Validation\\dao\\users\\create.js": {"path":"C:\\Users\\61963\\Javascript\\Projects\\Node.js\\Data Validation\\dao\\users\\create.js","statementMap":{"0":{"start":{"line":5,"column":17},"end":{"line":5,"column":34}},"1":{"start":{"line":6,"column":19},"end":{"line":6,"column":36}},"2":{"start":{"line":7,"column":4},"end":{"line":7,"column":18}}},"fnMap":{"0":{"name":"createUser","decl":{"start":{"line":4,"column":15},"end":{"line":4,"column":25}},"loc":{"start":{"line":4,"column":35},"end":{"line":8,"column":1}},"line":4}},"branchMap":{},"s":{"0":0,"1":0,"2":0},"f":{"0":0},"b":{},"inputSourceMap":null,"_coverageSchema":"1a1c01bbd47fc00a2c39e90264f33305004495a9","hash":"7862db7f06d995484d0f965d2996ae5614757450"}
,"C:\\Users\\61963\\Javascript\\Projects\\Node.js\\Data Validation\\dao\\users\\read.js": {"path":"C:\\Users\\61963\\Javascript\\Projects\\Node.js\\Data Validation\\dao\\users\\read.js","statementMap":{"0":{"start":{"line":4,"column":17},"end":{"line":4,"column":40}},"1":{"start":{"line":5,"column":4},"end":{"line":5,"column":16}},"2":{"start":{"line":9,"column":18},"end":{"line":9,"column":35}},"3":{"start":{"line":10,"column":4},"end":{"line":10,"column":17}}},"fnMap":{"0":{"name":"readUser","decl":{"start":{"line":3,"column":15},"end":{"line":3,"column":23}},"loc":{"start":{"line":3,"column":28},"end":{"line":6,"column":1}},"line":3},"1":{"name":"readUsers","decl":{"start":{"line":8,"column":15},"end":{"line":8,"column":24}},"loc":{"start":{"line":8,"column":27},"end":{"line":11,"column":1}},"line":8}},"branchMap":{},"s":{"0":0,"1":0,"2":0,"3":0},"f":{"0":0,"1":0},"b":{},"inputSourceMap":null,"_coverageSchema":"1a1c01bbd47fc00a2c39e90264f33305004495a9","hash":"1b5aeb78cd83d5bc9041fabab7f832ff0f016dc5"}
,"C:\\Users\\61963\\Javascript\\Projects\\Node.js\\Data Validation\\db\\connector.js": {"path":"C:\\Users\\61963\\Javascript\\Projects\\Node.js\\Data Validation\\db\\connector.js","statementMap":{"0":{"start":{"line":5,"column":15},"end":{"line":5,"column":31}},"1":{"start":{"line":6,"column":19},"end":{"line":18,"column":4}},"2":{"start":{"line":8,"column":4},"end":{"line":10,"column":5}},"3":{"start":{"line":9,"column":6},"end":{"line":9,"column":46}},"4":{"start":{"line":13,"column":4},"end":{"line":17,"column":5}},"5":{"start":{"line":14,"column":6},"end":{"line":14,"column":60}},"6":{"start":{"line":16,"column":6},"end":{"line":16,"column":16}}},"fnMap":{"0":{"name":"(anonymous_0)","decl":{"start":{"line":7,"column":8},"end":{"line":7,"column":9}},"loc":{"start":{"line":7,"column":14},"end":{"line":11,"column":3}},"line":7},"1":{"name":"(anonymous_1)","decl":{"start":{"line":12,"column":9},"end":{"line":12,"column":10}},"loc":{"start":{"line":12,"column":16},"end":{"line":18,"column":3}},"line":12}},"branchMap":{"0":{"loc":{"start":{"line":8,"column":4},"end":{"line":10,"column":5}},"type":"if","locations":[{"start":{"line":8,"column":4},"end":{"line":10,"column":5}},{"start":{},"end":{}}],"line":8},"1":{"loc":{"start":{"line":13,"column":4},"end":{"line":17,"column":5}},"type":"if","locations":[{"start":{"line":13,"column":4},"end":{"line":17,"column":5}},{"start":{"line":15,"column":11},"end":{"line":17,"column":5}}],"line":13}},"s":{"0":2,"1":2,"2":2,"3":0,"4":0,"5":0,"6":0},"f":{"0":2,"1":0},"b":{"0":[0,2],"1":[0,0]},"inputSourceMap":null,"_coverageSchema":"1a1c01bbd47fc00a2c39e90264f33305004495a9","hash":"7e755c1011386e7a51fa570f5266444da3bf79ce"}
,"C:\\Users\\61963\\Javascript\\Projects\\Node.js\\Data Validation\\middleware\\admin.js": {"path":"C:\\Users\\61963\\Javascript\\Projects\\Node.js\\Data Validation\\middleware\\admin.js","statementMap":{"0":{"start":{"line":2,"column":4},"end":{"line":4,"column":5}},"1":{"start":{"line":3,"column":8},"end":{"line":3,"column":68}},"2":{"start":{"line":5,"column":4},"end":{"line":5,"column":11}}},"fnMap":{"0":{"name":"admin","decl":{"start":{"line":1,"column":9},"end":{"line":1,"column":14}},"loc":{"start":{"line":1,"column":31},"end":{"line":6,"column":1}},"line":1}},"branchMap":{"0":{"loc":{"start":{"line":2,"column":4},"end":{"line":4,"column":5}},"type":"if","locations":[{"start":{"line":2,"column":4},"end":{"line":4,"column":5}},{"start":{},"end":{}}],"line":2}},"s":{"0":0,"1":0,"2":0},"f":{"0":0},"b":{"0":[0,0]},"inputSourceMap":null,"_coverageSchema":"1a1c01bbd47fc00a2c39e90264f33305004495a9","hash":"2a3514f59d95194eeb51e03a3267ca9175ac2fe1"}
,"C:\\Users\\61963\\Javascript\\Projects\\Node.js\\Data Validation\\middleware\\auth.js": {"path":"C:\\Users\\61963\\Javascript\\Projects\\Node.js\\Data Validation\\middleware\\auth.js","statementMap":{"0":{"start":{"line":5,"column":18},"end":{"line":5,"column":44}},"1":{"start":{"line":6,"column":4},"end":{"line":8,"column":5}},"2":{"start":{"line":7,"column":8},"end":{"line":7,"column":72}},"3":{"start":{"line":10,"column":4},"end":{"line":17,"column":5}},"4":{"start":{"line":11,"column":24},"end":{"line":11,"column":79}},"5":{"start":{"line":12,"column":8},"end":{"line":12,"column":26}},"6":{"start":{"line":13,"column":8},"end":{"line":13,"column":14}},"7":{"start":{"line":16,"column":8},"end":{"line":16,"column":53}}},"fnMap":{"0":{"name":"auth","decl":{"start":{"line":4,"column":9},"end":{"line":4,"column":13}},"loc":{"start":{"line":4,"column":30},"end":{"line":18,"column":1}},"line":4}},"branchMap":{"0":{"loc":{"start":{"line":6,"column":4},"end":{"line":8,"column":5}},"type":"if","locations":[{"start":{"line":6,"column":4},"end":{"line":8,"column":5}},{"start":{},"end":{}}],"line":6}},"s":{"0":9,"1":9,"2":2,"3":7,"4":7,"5":6,"6":6,"7":1},"f":{"0":9},"b":{"0":[2,7]},"inputSourceMap":null,"_coverageSchema":"1a1c01bbd47fc00a2c39e90264f33305004495a9","hash":"f5c86cd277a2e7aa876f2e2abe8c9e17ed597159"}
,"C:\\Users\\61963\\Javascript\\Projects\\Node.js\\Data Validation\\middleware\\error.js": {"path":"C:\\Users\\61963\\Javascript\\Projects\\Node.js\\Data Validation\\middleware\\error.js","statementMap":{"0":{"start":{"line":4,"column":4},"end":{"line":4,"column":35}},"1":{"start":{"line":5,"column":4},"end":{"line":5,"column":50}}},"fnMap":{"0":{"name":"error","decl":{"start":{"line":3,"column":9},"end":{"line":3,"column":14}},"loc":{"start":{"line":3,"column":33},"end":{"line":6,"column":1}},"line":3}},"branchMap":{},"s":{"0":0,"1":0},"f":{"0":0},"b":{},"inputSourceMap":null,"_coverageSchema":"1a1c01bbd47fc00a2c39e90264f33305004495a9","hash":"345c3af44df5127c33551bcf8fd98c2f12e84dfa"}
,"C:\\Users\\61963\\Javascript\\Projects\\Node.js\\Data Validation\\middleware\\validate.js": {"path":"C:\\Users\\61963\\Javascript\\Projects\\Node.js\\Data Validation\\middleware\\validate.js","statementMap":{"0":{"start":{"line":2,"column":4},"end":{"line":11,"column":6}},"1":{"start":{"line":3,"column":23},"end":{"line":3,"column":42}},"2":{"start":{"line":4,"column":8},"end":{"line":9,"column":9}},"3":{"start":{"line":5,"column":12},"end":{"line":8,"column":15}},"4":{"start":{"line":10,"column":8},"end":{"line":10,"column":15}}},"fnMap":{"0":{"name":"validate","decl":{"start":{"line":1,"column":16},"end":{"line":1,"column":24}},"loc":{"start":{"line":1,"column":36},"end":{"line":12,"column":1}},"line":1},"1":{"name":"(anonymous_1)","decl":{"start":{"line":2,"column":11},"end":{"line":2,"column":12}},"loc":{"start":{"line":2,"column":31},"end":{"line":11,"column":5}},"line":2}},"branchMap":{"0":{"loc":{"start":{"line":4,"column":8},"end":{"line":9,"column":9}},"type":"if","locations":[{"start":{"line":4,"column":8},"end":{"line":9,"column":9}},{"start":{},"end":{}}],"line":4}},"s":{"0":12,"1":5,"2":5,"3":2,"4":3},"f":{"0":12,"1":5},"b":{"0":[2,3]},"inputSourceMap":null,"_coverageSchema":"1a1c01bbd47fc00a2c39e90264f33305004495a9","hash":"70515f0f4cb3bd322d80f8c84220f7dc3942b56f"}
,"C:\\Users\\61963\\Javascript\\Projects\\Node.js\\Data Validation\\middleware\\validateObjectJd.js": {"path":"C:\\Users\\61963\\Javascript\\Projects\\Node.js\\Data Validation\\middleware\\validateObjectJd.js","statementMap":{"0":{"start":{"line":4,"column":4},"end":{"line":6,"column":5}},"1":{"start":{"line":5,"column":8},"end":{"line":5,"column":49}},"2":{"start":{"line":7,"column":4},"end":{"line":7,"column":10}}},"fnMap":{"0":{"name":"validateObjectId","decl":{"start":{"line":3,"column":9},"end":{"line":3,"column":25}},"loc":{"start":{"line":3,"column":41},"end":{"line":8,"column":1}},"line":3}},"branchMap":{"0":{"loc":{"start":{"line":4,"column":4},"end":{"line":6,"column":5}},"type":"if","locations":[{"start":{"line":4,"column":4},"end":{"line":6,"column":5}},{"start":{},"end":{}}],"line":4}},"s":{"0":2,"1":1,"2":1},"f":{"0":2},"b":{"0":[1,1]},"inputSourceMap":null,"_coverageSchema":"1a1c01bbd47fc00a2c39e90264f33305004495a9","hash":"545f7764da4f747987ca153d429ab6d18c207206"}
,"C:\\Users\\61963\\Javascript\\Projects\\Node.js\\Data Validation\\routes\\auth.js": {"path":"C:\\Users\\61963\\Javascript\\Projects\\Node.js\\Data Validation\\routes\\auth.js","statementMap":{"0":{"start":{"line":7,"column":15},"end":{"line":7,"column":31}},"1":{"start":{"line":9,"column":12},"end":{"line":9,"column":23}},"2":{"start":{"line":11,"column":0},"end":{"line":29,"column":3}},"3":{"start":{"line":12,"column":4},"end":{"line":28,"column":5}},"4":{"start":{"line":13,"column":21},"end":{"line":13,"column":66}},"5":{"start":{"line":14,"column":8},"end":{"line":16,"column":9}},"6":{"start":{"line":15,"column":12},"end":{"line":15,"column":70}},"7":{"start":{"line":18,"column":30},"end":{"line":18,"column":84}},"8":{"start":{"line":19,"column":8},"end":{"line":21,"column":9}},"9":{"start":{"line":20,"column":12},"end":{"line":20,"column":70}},"10":{"start":{"line":23,"column":22},"end":{"line":23,"column":46}},"11":{"start":{"line":25,"column":8},"end":{"line":25,"column":23}},"12":{"start":{"line":27,"column":8},"end":{"line":27,"column":72}}},"fnMap":{"0":{"name":"(anonymous_0)","decl":{"start":{"line":11,"column":41},"end":{"line":11,"column":42}},"loc":{"start":{"line":11,"column":61},"end":{"line":29,"column":1}},"line":11}},"branchMap":{"0":{"loc":{"start":{"line":14,"column":8},"end":{"line":16,"column":9}},"type":"if","locations":[{"start":{"line":14,"column":8},"end":{"line":16,"column":9}},{"start":{},"end":{}}],"line":14},"1":{"loc":{"start":{"line":19,"column":8},"end":{"line":21,"column":9}},"type":"if","locations":[{"start":{"line":19,"column":8},"end":{"line":21,"column":9}},{"start":{},"end":{}}],"line":19}},"s":{"0":2,"1":2,"2":2,"3":0,"4":0,"5":0,"6":0,"7":0,"8":0,"9":0,"10":0,"11":0,"12":0},"f":{"0":0},"b":{"0":[0,0],"1":[0,0]},"inputSourceMap":null,"_coverageSchema":"1a1c01bbd47fc00a2c39e90264f33305004495a9","hash":"b2e8ce3cf0880130a29a290596659618ce5e0476"}
,"C:\\Users\\61963\\Javascript\\Projects\\Node.js\\Data Validation\\routes\\customers.js": {"path":"C:\\Users\\61963\\Javascript\\Projects\\Node.js\\Data Validation\\routes\\customers.js","statementMap":{"0":{"start":{"line":7,"column":15},"end":{"line":7,"column":31}},"1":{"start":{"line":8,"column":12},"end":{"line":8,"column":28}},"2":{"start":{"line":10,"column":0},"end":{"line":13,"column":2}},"3":{"start":{"line":11,"column":22},"end":{"line":11,"column":43}},"4":{"start":{"line":12,"column":4},"end":{"line":12,"column":24}},"5":{"start":{"line":15,"column":0},"end":{"line":21,"column":2}},"6":{"start":{"line":16,"column":21},"end":{"line":16,"column":62}},"7":{"start":{"line":17,"column":4},"end":{"line":19,"column":5}},"8":{"start":{"line":18,"column":8},"end":{"line":18,"column":80}},"9":{"start":{"line":20,"column":4},"end":{"line":20,"column":22}},"10":{"start":{"line":23,"column":0},"end":{"line":37,"column":2}},"11":{"start":{"line":24,"column":4},"end":{"line":36,"column":5}},"12":{"start":{"line":25,"column":25},"end":{"line":29,"column":10}},"13":{"start":{"line":30,"column":8},"end":{"line":30,"column":26}},"14":{"start":{"line":32,"column":8},"end":{"line":34,"column":9}},"15":{"start":{"line":33,"column":12},"end":{"line":33,"column":75}},"16":{"start":{"line":35,"column":8},"end":{"line":35,"column":17}}},"fnMap":{"0":{"name":"(anonymous_0)","decl":{"start":{"line":10,"column":16},"end":{"line":10,"column":17}},"loc":{"start":{"line":10,"column":35},"end":{"line":13,"column":1}},"line":10},"1":{"name":"(anonymous_1)","decl":{"start":{"line":15,"column":27},"end":{"line":15,"column":28}},"loc":{"start":{"line":15,"column":46},"end":{"line":21,"column":1}},"line":15},"2":{"name":"(anonymous_2)","decl":{"start":{"line":23,"column":45},"end":{"line":23,"column":46}},"loc":{"start":{"line":23,"column":65},"end":{"line":37,"column":1}},"line":23}},"branchMap":{"0":{"loc":{"start":{"line":17,"column":4},"end":{"line":19,"column":5}},"type":"if","locations":[{"start":{"line":17,"column":4},"end":{"line":19,"column":5}},{"start":{},"end":{}}],"line":17},"1":{"loc":{"start":{"line":32,"column":8},"end":{"line":34,"column":9}},"type":"if","locations":[{"start":{"line":32,"column":8},"end":{"line":34,"column":9}},{"start":{},"end":{}}],"line":32}},"s":{"0":2,"1":2,"2":2,"3":0,"4":0,"5":2,"6":0,"7":0,"8":0,"9":0,"10":2,"11":0,"12":0,"13":0,"14":0,"15":0,"16":0},"f":{"0":0,"1":0,"2":0},"b":{"0":[0,0],"1":[0,0]},"inputSourceMap":null,"_coverageSchema":"1a1c01bbd47fc00a2c39e90264f33305004495a9","hash":"85da7cee81d07f1caf59b2447296ac9d5c186f96"}
,"C:\\Users\\61963\\Javascript\\Projects\\Node.js\\Data Validation\\routes\\genres.js": {"path":"C:\\Users\\61963\\Javascript\\Projects\\Node.js\\Data Validation\\routes\\genres.js","statementMap":{"0":{"start":{"line":13,"column":15},"end":{"line":13,"column":31}},"1":{"start":{"line":15,"column":19},"end":{"line":15,"column":32}},"2":{"start":{"line":16,"column":15},"end":{"line":16,"column":26}},"3":{"start":{"line":18,"column":0},"end":{"line":21,"column":2}},"4":{"start":{"line":19,"column":19},"end":{"line":19,"column":37}},"5":{"start":{"line":20,"column":4},"end":{"line":20,"column":21}},"6":{"start":{"line":23,"column":0},"end":{"line":29,"column":2}},"7":{"start":{"line":24,"column":18},"end":{"line":24,"column":57}},"8":{"start":{"line":25,"column":4},"end":{"line":27,"column":5}},"9":{"start":{"line":26,"column":8},"end":{"line":26,"column":77}},"10":{"start":{"line":28,"column":4},"end":{"line":28,"column":19}},"11":{"start":{"line":31,"column":0},"end":{"line":34,"column":2}},"12":{"start":{"line":32,"column":18},"end":{"line":32,"column":45}},"13":{"start":{"line":33,"column":4},"end":{"line":33,"column":19}},"14":{"start":{"line":36,"column":0},"end":{"line":42,"column":2}},"15":{"start":{"line":37,"column":18},"end":{"line":37,"column":65}},"16":{"start":{"line":38,"column":4},"end":{"line":40,"column":5}},"17":{"start":{"line":39,"column":8},"end":{"line":39,"column":77}},"18":{"start":{"line":41,"column":4},"end":{"line":41,"column":19}},"19":{"start":{"line":44,"column":0},"end":{"line":50,"column":2}},"20":{"start":{"line":45,"column":18},"end":{"line":45,"column":55}},"21":{"start":{"line":46,"column":4},"end":{"line":48,"column":5}},"22":{"start":{"line":47,"column":8},"end":{"line":47,"column":77}},"23":{"start":{"line":49,"column":4},"end":{"line":49,"column":19}}},"fnMap":{"0":{"name":"(anonymous_0)","decl":{"start":{"line":18,"column":16},"end":{"line":18,"column":17}},"loc":{"start":{"line":18,"column":35},"end":{"line":21,"column":1}},"line":18},"1":{"name":"(anonymous_1)","decl":{"start":{"line":23,"column":37},"end":{"line":23,"column":38}},"loc":{"start":{"line":23,"column":56},"end":{"line":29,"column":1}},"line":23},"2":{"name":"(anonymous_2)","decl":{"start":{"line":31,"column":48},"end":{"line":31,"column":49}},"loc":{"start":{"line":31,"column":67},"end":{"line":34,"column":1}},"line":31},"3":{"name":"(anonymous_3)","decl":{"start":{"line":36,"column":25},"end":{"line":36,"column":26}},"loc":{"start":{"line":36,"column":44},"end":{"line":42,"column":1}},"line":36},"4":{"name":"(anonymous_4)","decl":{"start":{"line":44,"column":37},"end":{"line":44,"column":38}},"loc":{"start":{"line":44,"column":56},"end":{"line":50,"column":1}},"line":44}},"branchMap":{"0":{"loc":{"start":{"line":25,"column":4},"end":{"line":27,"column":5}},"type":"if","locations":[{"start":{"line":25,"column":4},"end":{"line":27,"column":5}},{"start":{},"end":{}}],"line":25},"1":{"loc":{"start":{"line":38,"column":4},"end":{"line":40,"column":5}},"type":"if","locations":[{"start":{"line":38,"column":4},"end":{"line":40,"column":5}},{"start":{},"end":{}}],"line":38},"2":{"loc":{"start":{"line":46,"column":4},"end":{"line":48,"column":5}},"type":"if","locations":[{"start":{"line":46,"column":4},"end":{"line":48,"column":5}},{"start":{},"end":{}}],"line":46}},"s":{"0":2,"1":2,"2":2,"3":2,"4":1,"5":1,"6":2,"7":1,"8":1,"9":0,"10":1,"11":2,"12":3,"13":3,"14":2,"15":0,"16":0,"17":0,"18":0,"19":2,"20":0,"21":0,"22":0,"23":0},"f":{"0":1,"1":1,"2":3,"3":0,"4":0},"b":{"0":[0,1],"1":[0,0],"2":[0,0]},"inputSourceMap":null,"_coverageSchema":"1a1c01bbd47fc00a2c39e90264f33305004495a9","hash":"f2566c158a93431de83efd34863ba7dba10d2b0e"}
,"C:\\Users\\61963\\Javascript\\Projects\\Node.js\\Data Validation\\routes\\movies.js": {"path":"C:\\Users\\61963\\Javascript\\Projects\\Node.js\\Data Validation\\routes\\movies.js","statementMap":{"0":{"start":{"line":9,"column":15},"end":{"line":9,"column":31}},"1":{"start":{"line":11,"column":12},"end":{"line":11,"column":25}},"2":{"start":{"line":13,"column":0},"end":{"line":16,"column":2}},"3":{"start":{"line":14,"column":19},"end":{"line":14,"column":37}},"4":{"start":{"line":15,"column":4},"end":{"line":15,"column":21}},"5":{"start":{"line":18,"column":0},"end":{"line":24,"column":2}},"6":{"start":{"line":19,"column":18},"end":{"line":19,"column":53}},"7":{"start":{"line":20,"column":4},"end":{"line":22,"column":5}},"8":{"start":{"line":21,"column":8},"end":{"line":21,"column":77}},"9":{"start":{"line":23,"column":4},"end":{"line":23,"column":19}},"10":{"start":{"line":26,"column":0},"end":{"line":42,"column":2}},"11":{"start":{"line":27,"column":4},"end":{"line":41,"column":5}},"12":{"start":{"line":28,"column":23},"end":{"line":28,"column":50}},"13":{"start":{"line":29,"column":8},"end":{"line":29,"column":25}},"14":{"start":{"line":31,"column":8},"end":{"line":39,"column":9}},"15":{"start":{"line":32,"column":12},"end":{"line":38,"column":15}},"16":{"start":{"line":34,"column":63},"end":{"line":37,"column":17}},"17":{"start":{"line":40,"column":8},"end":{"line":40,"column":18}},"18":{"start":{"line":44,"column":0},"end":{"line":64,"column":2}},"19":{"start":{"line":45,"column":4},"end":{"line":63,"column":5}},"20":{"start":{"line":46,"column":23},"end":{"line":46,"column":70}},"21":{"start":{"line":47,"column":8},"end":{"line":49,"column":9}},"22":{"start":{"line":48,"column":12},"end":{"line":48,"column":82}},"23":{"start":{"line":50,"column":8},"end":{"line":50,"column":25}},"24":{"start":{"line":53,"column":8},"end":{"line":61,"column":9}},"25":{"start":{"line":54,"column":12},"end":{"line":60,"column":15}},"26":{"start":{"line":56,"column":63},"end":{"line":59,"column":17}},"27":{"start":{"line":62,"column":8},"end":{"line":62,"column":18}},"28":{"start":{"line":66,"column":0},"end":{"line":69,"column":2}},"29":{"start":{"line":67,"column":19},"end":{"line":67,"column":56}},"30":{"start":{"line":68,"column":4},"end":{"line":68,"column":21}}},"fnMap":{"0":{"name":"(anonymous_0)","decl":{"start":{"line":13,"column":16},"end":{"line":13,"column":17}},"loc":{"start":{"line":13,"column":35},"end":{"line":16,"column":1}},"line":13},"1":{"name":"(anonymous_1)","decl":{"start":{"line":18,"column":24},"end":{"line":18,"column":25}},"loc":{"start":{"line":18,"column":43},"end":{"line":24,"column":1}},"line":18},"2":{"name":"(anonymous_2)","decl":{"start":{"line":26,"column":42},"end":{"line":26,"column":43}},"loc":{"start":{"line":26,"column":62},"end":{"line":42,"column":1}},"line":26},"3":{"name":"(anonymous_3)","decl":{"start":{"line":34,"column":55},"end":{"line":34,"column":56}},"loc":{"start":{"line":34,"column":63},"end":{"line":37,"column":17}},"line":34},"4":{"name":"(anonymous_4)","decl":{"start":{"line":44,"column":24},"end":{"line":44,"column":25}},"loc":{"start":{"line":44,"column":44},"end":{"line":64,"column":1}},"line":44},"5":{"name":"(anonymous_5)","decl":{"start":{"line":56,"column":55},"end":{"line":56,"column":56}},"loc":{"start":{"line":56,"column":63},"end":{"line":59,"column":17}},"line":56},"6":{"name":"(anonymous_6)","decl":{"start":{"line":66,"column":27},"end":{"line":66,"column":28}},"loc":{"start":{"line":66,"column":47},"end":{"line":69,"column":1}},"line":66}},"branchMap":{"0":{"loc":{"start":{"line":20,"column":4},"end":{"line":22,"column":5}},"type":"if","locations":[{"start":{"line":20,"column":4},"end":{"line":22,"column":5}},{"start":{},"end":{}}],"line":20},"1":{"loc":{"start":{"line":31,"column":8},"end":{"line":39,"column":9}},"type":"if","locations":[{"start":{"line":31,"column":8},"end":{"line":39,"column":9}},{"start":{},"end":{}}],"line":31},"2":{"loc":{"start":{"line":47,"column":8},"end":{"line":49,"column":9}},"type":"if","locations":[{"start":{"line":47,"column":8},"end":{"line":49,"column":9}},{"start":{},"end":{}}],"line":47},"3":{"loc":{"start":{"line":53,"column":8},"end":{"line":61,"column":9}},"type":"if","locations":[{"start":{"line":53,"column":8},"end":{"line":61,"column":9}},{"start":{},"end":{}}],"line":53}},"s":{"0":2,"1":2,"2":2,"3":0,"4":0,"5":2,"6":0,"7":0,"8":0,"9":0,"10":2,"11":0,"12":0,"13":0,"14":0,"15":0,"16":0,"17":0,"18":2,"19":0,"20":0,"21":0,"22":0,"23":0,"24":0,"25":0,"26":0,"27":0,"28":2,"29":0,"30":0},"f":{"0":0,"1":0,"2":0,"3":0,"4":0,"5":0,"6":0},"b":{"0":[0,0],"1":[0,0],"2":[0,0],"3":[0,0]},"inputSourceMap":null,"_coverageSchema":"1a1c01bbd47fc00a2c39e90264f33305004495a9","hash":"85caa888aac666c69c651eb26d1cd18962ae2844"}
,"C:\\Users\\61963\\Javascript\\Projects\\Node.js\\Data Validation\\routes\\rentals.js": {"path":"C:\\Users\\61963\\Javascript\\Projects\\Node.js\\Data Validation\\routes\\rentals.js","statementMap":{"0":{"start":{"line":7,"column":15},"end":{"line":7,"column":31}},"1":{"start":{"line":9,"column":12},"end":{"line":9,"column":26}},"2":{"start":{"line":11,"column":0},"end":{"line":14,"column":2}},"3":{"start":{"line":12,"column":20},"end":{"line":12,"column":39}},"4":{"start":{"line":13,"column":4},"end":{"line":13,"column":22}},"5":{"start":{"line":16,"column":0},"end":{"line":22,"column":2}},"6":{"start":{"line":17,"column":19},"end":{"line":17,"column":56}},"7":{"start":{"line":18,"column":4},"end":{"line":20,"column":5}},"8":{"start":{"line":19,"column":8},"end":{"line":19,"column":78}},"9":{"start":{"line":21,"column":4},"end":{"line":21,"column":20}},"10":{"start":{"line":24,"column":0},"end":{"line":44,"column":2}},"11":{"start":{"line":25,"column":4},"end":{"line":43,"column":5}},"12":{"start":{"line":26,"column":23},"end":{"line":26,"column":51}},"13":{"start":{"line":27,"column":8},"end":{"line":27,"column":25}},"14":{"start":{"line":29,"column":8},"end":{"line":31,"column":9}},"15":{"start":{"line":30,"column":12},"end":{"line":30,"column":60}},"16":{"start":{"line":33,"column":8},"end":{"line":41,"column":9}},"17":{"start":{"line":34,"column":12},"end":{"line":40,"column":15}},"18":{"start":{"line":36,"column":63},"end":{"line":39,"column":17}},"19":{"start":{"line":42,"column":8},"end":{"line":42,"column":18}}},"fnMap":{"0":{"name":"(anonymous_0)","decl":{"start":{"line":11,"column":16},"end":{"line":11,"column":17}},"loc":{"start":{"line":11,"column":35},"end":{"line":14,"column":1}},"line":11},"1":{"name":"(anonymous_1)","decl":{"start":{"line":16,"column":25},"end":{"line":16,"column":26}},"loc":{"start":{"line":16,"column":44},"end":{"line":22,"column":1}},"line":16},"2":{"name":"(anonymous_2)","decl":{"start":{"line":24,"column":43},"end":{"line":24,"column":44}},"loc":{"start":{"line":24,"column":63},"end":{"line":44,"column":1}},"line":24},"3":{"name":"(anonymous_3)","decl":{"start":{"line":36,"column":55},"end":{"line":36,"column":56}},"loc":{"start":{"line":36,"column":63},"end":{"line":39,"column":17}},"line":36}},"branchMap":{"0":{"loc":{"start":{"line":18,"column":4},"end":{"line":20,"column":5}},"type":"if","locations":[{"start":{"line":18,"column":4},"end":{"line":20,"column":5}},{"start":{},"end":{}}],"line":18},"1":{"loc":{"start":{"line":29,"column":8},"end":{"line":31,"column":9}},"type":"if","locations":[{"start":{"line":29,"column":8},"end":{"line":31,"column":9}},{"start":{},"end":{}}],"line":29},"2":{"loc":{"start":{"line":33,"column":8},"end":{"line":41,"column":9}},"type":"if","locations":[{"start":{"line":33,"column":8},"end":{"line":41,"column":9}},{"start":{},"end":{}}],"line":33}},"s":{"0":2,"1":2,"2":2,"3":0,"4":0,"5":2,"6":0,"7":0,"8":0,"9":0,"10":2,"11":0,"12":0,"13":0,"14":0,"15":0,"16":0,"17":0,"18":0,"19":0},"f":{"0":0,"1":0,"2":0,"3":0},"b":{"0":[0,0],"1":[0,0],"2":[0,0]},"inputSourceMap":null,"_coverageSchema":"1a1c01bbd47fc00a2c39e90264f33305004495a9","hash":"4a4cd8c45086ca0f32c92d9a0882c3bdb43e2155"}
,"C:\\Users\\61963\\Javascript\\Projects\\Node.js\\Data Validation\\routes\\routes.js": {"path":"C:\\Users\\61963\\Javascript\\Projects\\Node.js\\Data Validation\\routes\\routes.js","statementMap":{"0":{"start":{"line":10,"column":15},"end":{"line":17,"column":1}},"1":{"start":{"line":20,"column":4},"end":{"line":20,"column":27}},"2":{"start":{"line":21,"column":4},"end":{"line":23,"column":6}},"3":{"start":{"line":22,"column":8},"end":{"line":22,"column":29}},"4":{"start":{"line":24,"column":4},"end":{"line":24,"column":18}}},"fnMap":{"0":{"name":"useRoutes","decl":{"start":{"line":19,"column":9},"end":{"line":19,"column":18}},"loc":{"start":{"line":19,"column":23},"end":{"line":25,"column":1}},"line":19},"1":{"name":"(anonymous_1)","decl":{"start":{"line":21,"column":19},"end":{"line":21,"column":20}},"loc":{"start":{"line":21,"column":39},"end":{"line":23,"column":5}},"line":21}},"branchMap":{},"s":{"0":2,"1":2,"2":2,"3":12,"4":2},"f":{"0":2,"1":12},"b":{},"inputSourceMap":null,"_coverageSchema":"1a1c01bbd47fc00a2c39e90264f33305004495a9","hash":"3158c58f7ddb3818d2e7dbb0d80af1a3518d019a"}
,"C:\\Users\\61963\\Javascript\\Projects\\Node.js\\Data Validation\\routes\\users.js": {"path":"C:\\Users\\61963\\Javascript\\Projects\\Node.js\\Data Validation\\routes\\users.js","statementMap":{"0":{"start":{"line":11,"column":15},"end":{"line":11,"column":31}},"1":{"start":{"line":13,"column":12},"end":{"line":13,"column":24}},"2":{"start":{"line":15,"column":0},"end":{"line":18,"column":2}},"3":{"start":{"line":16,"column":18},"end":{"line":16,"column":35}},"4":{"start":{"line":17,"column":4},"end":{"line":17,"column":20}},"5":{"start":{"line":20,"column":0},"end":{"line":23,"column":2}},"6":{"start":{"line":21,"column":17},"end":{"line":21,"column":75}},"7":{"start":{"line":22,"column":4},"end":{"line":22,"column":18}},"8":{"start":{"line":25,"column":0},"end":{"line":31,"column":2}},"9":{"start":{"line":26,"column":17},"end":{"line":26,"column":50}},"10":{"start":{"line":27,"column":4},"end":{"line":29,"column":5}},"11":{"start":{"line":28,"column":8},"end":{"line":28,"column":76}},"12":{"start":{"line":30,"column":4},"end":{"line":30,"column":18}},"13":{"start":{"line":33,"column":0},"end":{"line":61,"column":3}},"14":{"start":{"line":34,"column":4},"end":{"line":60,"column":5}},"15":{"start":{"line":36,"column":29},"end":{"line":36,"column":74}},"16":{"start":{"line":37,"column":8},"end":{"line":39,"column":9}},"17":{"start":{"line":38,"column":12},"end":{"line":38,"column":87}},"18":{"start":{"line":41,"column":24},"end":{"line":41,"column":42}},"19":{"start":{"line":44,"column":21},"end":{"line":44,"column":45}},"20":{"start":{"line":45,"column":8},"end":{"line":45,"column":69}},"21":{"start":{"line":48,"column":28},"end":{"line":48,"column":53}},"22":{"start":{"line":50,"column":22},"end":{"line":50,"column":53}},"23":{"start":{"line":52,"column":8},"end":{"line":57,"column":14}},"24":{"start":{"line":59,"column":8},"end":{"line":59,"column":81}}},"fnMap":{"0":{"name":"(anonymous_0)","decl":{"start":{"line":15,"column":16},"end":{"line":15,"column":17}},"loc":{"start":{"line":15,"column":35},"end":{"line":18,"column":1}},"line":15},"1":{"name":"(anonymous_1)","decl":{"start":{"line":20,"column":24},"end":{"line":20,"column":25}},"loc":{"start":{"line":20,"column":44},"end":{"line":23,"column":1}},"line":20},"2":{"name":"(anonymous_2)","decl":{"start":{"line":25,"column":23},"end":{"line":25,"column":24}},"loc":{"start":{"line":25,"column":42},"end":{"line":31,"column":1}},"line":25},"3":{"name":"(anonymous_3)","decl":{"start":{"line":33,"column":41},"end":{"line":33,"column":42}},"loc":{"start":{"line":33,"column":61},"end":{"line":61,"column":1}},"line":33}},"branchMap":{"0":{"loc":{"start":{"line":27,"column":4},"end":{"line":29,"column":5}},"type":"if","locations":[{"start":{"line":27,"column":4},"end":{"line":29,"column":5}},{"start":{},"end":{}}],"line":27},"1":{"loc":{"start":{"line":37,"column":8},"end":{"line":39,"column":9}},"type":"if","locations":[{"start":{"line":37,"column":8},"end":{"line":39,"column":9}},{"start":{},"end":{}}],"line":37}},"s":{"0":2,"1":2,"2":2,"3":0,"4":0,"5":2,"6":0,"7":0,"8":2,"9":0,"10":0,"11":0,"12":0,"13":2,"14":0,"15":0,"16":0,"17":0,"18":0,"19":0,"20":0,"21":0,"22":0,"23":0,"24":0},"f":{"0":0,"1":0,"2":0,"3":0},"b":{"0":[0,0],"1":[0,0]},"inputSourceMap":null,"_coverageSchema":"1a1c01bbd47fc00a2c39e90264f33305004495a9","hash":"698e713878ece9d6199ac8568fba91375acc29ed"}
,"C:\\Users\\61963\\Javascript\\Projects\\Node.js\\Data Validation\\schema\\customers.js": {"path":"C:\\Users\\61963\\Javascript\\Projects\\Node.js\\Data Validation\\schema\\customers.js","statementMap":{"0":{"start":{"line":3,"column":23},"end":{"line":7,"column":2}},"1":{"start":{"line":9,"column":17},"end":{"line":9,"column":60}}},"fnMap":{},"branchMap":{},"s":{"0":2,"1":2},"f":{},"b":{},"inputSourceMap":null,"_coverageSchema":"1a1c01bbd47fc00a2c39e90264f33305004495a9","hash":"7f8fd8ffc98b996caf2d1b238cd95934033a4dbb"}
,"C:\\Users\\61963\\Javascript\\Projects\\Node.js\\Data Validation\\schema\\genres.js": {"path":"C:\\Users\\61963\\Javascript\\Projects\\Node.js\\Data Validation\\schema\\genres.js","statementMap":{"0":{"start":{"line":4,"column":20},"end":{"line":15,"column":2}},"1":{"start":{"line":10,"column":16},"end":{"line":10,"column":48}},"2":{"start":{"line":17,"column":14},"end":{"line":17,"column":51}}},"fnMap":{"0":{"name":"(anonymous_0)","decl":{"start":{"line":9,"column":23},"end":{"line":9,"column":24}},"loc":{"start":{"line":9,"column":34},"end":{"line":11,"column":13}},"line":9}},"branchMap":{},"s":{"0":2,"1":4,"2":2},"f":{"0":4},"b":{},"inputSourceMap":null,"_coverageSchema":"1a1c01bbd47fc00a2c39e90264f33305004495a9","hash":"bb68cb617f06d5b3f811ec7dd2251bca0029a60c"}
,"C:\\Users\\61963\\Javascript\\Projects\\Node.js\\Data Validation\\schema\\movies.js": {"path":"C:\\Users\\61963\\Javascript\\Projects\\Node.js\\Data Validation\\schema\\movies.js","statementMap":{"0":{"start":{"line":4,"column":20},"end":{"line":9,"column":2}},"1":{"start":{"line":11,"column":14},"end":{"line":11,"column":51}}},"fnMap":{},"branchMap":{},"s":{"0":2,"1":2},"f":{},"b":{},"inputSourceMap":null,"_coverageSchema":"1a1c01bbd47fc00a2c39e90264f33305004495a9","hash":"2eeb3e094c8e958366a560c5920e2e4c99116a65"}
,"C:\\Users\\61963\\Javascript\\Projects\\Node.js\\Data Validation\\schema\\rentals.js": {"path":"C:\\Users\\61963\\Javascript\\Projects\\Node.js\\Data Validation\\schema\\rentals.js","statementMap":{"0":{"start":{"line":5,"column":21},"end":{"line":22,"column":2}},"1":{"start":{"line":24,"column":15},"end":{"line":24,"column":54}}},"fnMap":{},"branchMap":{},"s":{"0":2,"1":2},"f":{},"b":{},"inputSourceMap":null,"_coverageSchema":"1a1c01bbd47fc00a2c39e90264f33305004495a9","hash":"7fb2b312f1b3a3aa2cc166cde860e20f84439e14"}
,"C:\\Users\\61963\\Javascript\\Projects\\Node.js\\Data Validation\\schema\\users.js": {"path":"C:\\Users\\61963\\Javascript\\Projects\\Node.js\\Data Validation\\schema\\users.js","statementMap":{"0":{"start":{"line":5,"column":19},"end":{"line":29,"column":2}},"1":{"start":{"line":31,"column":0},"end":{"line":39,"column":1}},"2":{"start":{"line":32,"column":18},"end":{"line":37,"column":36}},"3":{"start":{"line":38,"column":4},"end":{"line":38,"column":17}},"4":{"start":{"line":41,"column":13},"end":{"line":41,"column":48}}},"fnMap":{"0":{"name":"(anonymous_0)","decl":{"start":{"line":31,"column":39},"end":{"line":31,"column":40}},"loc":{"start":{"line":31,"column":50},"end":{"line":39,"column":1}},"line":31}},"branchMap":{},"s":{"0":4,"1":4,"2":10,"3":10,"4":4},"f":{"0":10},"b":{},"inputSourceMap":null,"_coverageSchema":"1a1c01bbd47fc00a2c39e90264f33305004495a9","hash":"0ea92388de438e4baaa84340285f8c463179749b"}
,"C:\\Users\\61963\\Javascript\\Projects\\Node.js\\Data Validation\\utils\\startup\\config.js": {"path":"C:\\Users\\61963\\Javascript\\Projects\\Node.js\\Data Validation\\utils\\startup\\config.js","statementMap":{"0":{"start":{"line":4,"column":4},"end":{"line":6,"column":5}},"1":{"start":{"line":5,"column":8},"end":{"line":5,"column":70}}},"fnMap":{"0":{"name":"validateConfig","decl":{"start":{"line":3,"column":9},"end":{"line":3,"column":23}},"loc":{"start":{"line":3,"column":26},"end":{"line":7,"column":1}},"line":3}},"branchMap":{"0":{"loc":{"start":{"line":4,"column":4},"end":{"line":6,"column":5}},"type":"if","locations":[{"start":{"line":4,"column":4},"end":{"line":6,"column":5}},{"start":{},"end":{}}],"line":4}},"s":{"0":2,"1":0},"f":{"0":2},"b":{"0":[0,2]},"inputSourceMap":null,"_coverageSchema":"1a1c01bbd47fc00a2c39e90264f33305004495a9","hash":"bd1431749c88cc90d7128606e7025c21c734559c"}
,"C:\\Users\\61963\\Javascript\\Projects\\Node.js\\Data Validation\\utils\\startup\\logging.js": {"path":"C:\\Users\\61963\\Javascript\\Projects\\Node.js\\Data Validation\\utils\\startup\\logging.js","statementMap":{"0":{"start":{"line":4,"column":4},"end":{"line":4,"column":31}},"1":{"start":{"line":6,"column":4},"end":{"line":9,"column":6}},"2":{"start":{"line":11,"column":4},"end":{"line":13,"column":6}},"3":{"start":{"line":15,"column":4},"end":{"line":15,"column":87}},"4":{"start":{"line":17,"column":4},"end":{"line":20,"column":8}}},"fnMap":{"0":{"name":"initLogging","decl":{"start":{"line":3,"column":9},"end":{"line":3,"column":20}},"loc":{"start":{"line":3,"column":23},"end":{"line":21,"column":1}},"line":3}},"branchMap":{},"s":{"0":0,"1":0,"2":0,"3":0,"4":0},"f":{"0":0},"b":{},"inputSourceMap":null,"_coverageSchema":"1a1c01bbd47fc00a2c39e90264f33305004495a9","hash":"e3aeceaea073e1e0c5937ca055c40c89bac8dc44"}
,"C:\\Users\\61963\\Javascript\\Projects\\Node.js\\Data Validation\\utils\\validators\\validateNull.js": {"path":"C:\\Users\\61963\\Javascript\\Projects\\Node.js\\Data Validation\\utils\\validators\\validateNull.js","statementMap":{"0":{"start":{"line":2,"column":4},"end":{"line":2,"column":65}}},"fnMap":{"0":{"name":"isNull","decl":{"start":{"line":1,"column":9},"end":{"line":1,"column":15}},"loc":{"start":{"line":1,"column":23},"end":{"line":3,"column":1}},"line":1}},"branchMap":{"0":{"loc":{"start":{"line":2,"column":11},"end":{"line":2,"column":64}},"type":"binary-expr","locations":[{"start":{"line":2,"column":11},"end":{"line":2,"column":30}},{"start":{"line":2,"column":34},"end":{"line":2,"column":48}},{"start":{"line":2,"column":52},"end":{"line":2,"column":64}}],"line":2}},"s":{"0":0},"f":{"0":0},"b":{"0":[0,0,0]},"inputSourceMap":null,"_coverageSchema":"1a1c01bbd47fc00a2c39e90264f33305004495a9","hash":"51ff5113e7723ce5d82c8d87a9c6c1ce73665a8f"}
,"C:\\Users\\61963\\Javascript\\Projects\\Node.js\\Data Validation\\validators\\auth\\validateAuth.js": {"path":"C:\\Users\\61963\\Javascript\\Projects\\Node.js\\Data Validation\\validators\\auth\\validateAuth.js","statementMap":{"0":{"start":{"line":6,"column":19},"end":{"line":6,"column":21}},"1":{"start":{"line":8,"column":19},"end":{"line":11,"column":6}},"2":{"start":{"line":13,"column":29},"end":{"line":13,"column":50}},"3":{"start":{"line":15,"column":4},"end":{"line":19,"column":5}},"4":{"start":{"line":16,"column":8},"end":{"line":18,"column":11}},"5":{"start":{"line":17,"column":12},"end":{"line":17,"column":40}},"6":{"start":{"line":21,"column":4},"end":{"line":24,"column":6}}},"fnMap":{"0":{"name":"validateAuth","decl":{"start":{"line":5,"column":9},"end":{"line":5,"column":21}},"loc":{"start":{"line":5,"column":33},"end":{"line":25,"column":1}},"line":5},"1":{"name":"(anonymous_1)","decl":{"start":{"line":16,"column":30},"end":{"line":16,"column":31}},"loc":{"start":{"line":16,"column":42},"end":{"line":18,"column":9}},"line":16}},"branchMap":{"0":{"loc":{"start":{"line":5,"column":22},"end":{"line":5,"column":31}},"type":"default-arg","locations":[{"start":{"line":5,"column":29},"end":{"line":5,"column":31}}],"line":5},"1":{"loc":{"start":{"line":15,"column":4},"end":{"line":19,"column":5}},"type":"if","locations":[{"start":{"line":15,"column":4},"end":{"line":19,"column":5}},{"start":{},"end":{}}],"line":15}},"s":{"0":0,"1":0,"2":0,"3":0,"4":0,"5":0,"6":0},"f":{"0":0,"1":0},"b":{"0":[0],"1":[0,0]},"inputSourceMap":null,"_coverageSchema":"1a1c01bbd47fc00a2c39e90264f33305004495a9","hash":"7aac98a4a1b5901074e7e23a83a04f0fbf7b52e2"}
,"C:\\Users\\61963\\Javascript\\Projects\\Node.js\\Data Validation\\validators\\customers\\rules.js": {"path":"C:\\Users\\61963\\Javascript\\Projects\\Node.js\\Data Validation\\validators\\customers\\rules.js","statementMap":{"0":{"start":{"line":1,"column":31},"end":{"line":1,"column":32}},"1":{"start":{"line":2,"column":27},"end":{"line":2,"column":48}}},"fnMap":{},"branchMap":{},"s":{"0":2,"1":2},"f":{},"b":{},"inputSourceMap":null,"_coverageSchema":"1a1c01bbd47fc00a2c39e90264f33305004495a9","hash":"ee83a9af90ba44aa50892befc1cc3f27222e271b"}
,"C:\\Users\\61963\\Javascript\\Projects\\Node.js\\Data Validation\\validators\\customers\\validateCustomer.js": {"path":"C:\\Users\\61963\\Javascript\\Projects\\Node.js\\Data Validation\\validators\\customers\\validateCustomer.js","statementMap":{"0":{"start":{"line":6,"column":19},"end":{"line":6,"column":21}},"1":{"start":{"line":8,"column":4},"end":{"line":12,"column":5}},"2":{"start":{"line":9,"column":8},"end":{"line":9,"column":69}},"3":{"start":{"line":10,"column":11},"end":{"line":12,"column":5}},"4":{"start":{"line":11,"column":8},"end":{"line":11,"column":70}},"5":{"start":{"line":14,"column":4},"end":{"line":18,"column":5}},"6":{"start":{"line":15,"column":8},"end":{"line":15,"column":71}},"7":{"start":{"line":16,"column":11},"end":{"line":18,"column":5}},"8":{"start":{"line":17,"column":8},"end":{"line":17,"column":72}},"9":{"start":{"line":20,"column":4},"end":{"line":23,"column":6}}},"fnMap":{"0":{"name":"validateCustomer","decl":{"start":{"line":5,"column":9},"end":{"line":5,"column":25}},"loc":{"start":{"line":5,"column":41},"end":{"line":24,"column":1}},"line":5}},"branchMap":{"0":{"loc":{"start":{"line":5,"column":26},"end":{"line":5,"column":39}},"type":"default-arg","locations":[{"start":{"line":5,"column":37},"end":{"line":5,"column":39}}],"line":5},"1":{"loc":{"start":{"line":8,"column":4},"end":{"line":12,"column":5}},"type":"if","locations":[{"start":{"line":8,"column":4},"end":{"line":12,"column":5}},{"start":{"line":10,"column":11},"end":{"line":12,"column":5}}],"line":8},"2":{"loc":{"start":{"line":10,"column":11},"end":{"line":12,"column":5}},"type":"if","locations":[{"start":{"line":10,"column":11},"end":{"line":12,"column":5}},{"start":{},"end":{}}],"line":10},"3":{"loc":{"start":{"line":14,"column":4},"end":{"line":18,"column":5}},"type":"if","locations":[{"start":{"line":14,"column":4},"end":{"line":18,"column":5}},{"start":{"line":16,"column":11},"end":{"line":18,"column":5}}],"line":14},"4":{"loc":{"start":{"line":16,"column":11},"end":{"line":18,"column":5}},"type":"if","locations":[{"start":{"line":16,"column":11},"end":{"line":18,"column":5}},{"start":{},"end":{}}],"line":16}},"s":{"0":0,"1":0,"2":0,"3":0,"4":0,"5":0,"6":0,"7":0,"8":0,"9":0},"f":{"0":0},"b":{"0":[0],"1":[0,0],"2":[0,0],"3":[0,0],"4":[0,0]},"inputSourceMap":null,"_coverageSchema":"1a1c01bbd47fc00a2c39e90264f33305004495a9","hash":"641b31482f24db64fa694bfaad47681328fcb045"}
,"C:\\Users\\61963\\Javascript\\Projects\\Node.js\\Data Validation\\validators\\customers\\validateName.js": {"path":"C:\\Users\\61963\\Javascript\\Projects\\Node.js\\Data Validation\\validators\\customers\\validateName.js","statementMap":{"0":{"start":{"line":3,"column":16},"end":{"line":3,"column":70}},"1":{"start":{"line":6,"column":4},"end":{"line":8,"column":5}},"2":{"start":{"line":7,"column":8},"end":{"line":7,"column":21}},"3":{"start":{"line":9,"column":4},"end":{"line":9,"column":16}}},"fnMap":{"0":{"name":"validate","decl":{"start":{"line":5,"column":9},"end":{"line":5,"column":17}},"loc":{"start":{"line":5,"column":24},"end":{"line":10,"column":1}},"line":5}},"branchMap":{"0":{"loc":{"start":{"line":6,"column":4},"end":{"line":8,"column":5}},"type":"if","locations":[{"start":{"line":6,"column":4},"end":{"line":8,"column":5}},{"start":{},"end":{}}],"line":6},"1":{"loc":{"start":{"line":6,"column":8},"end":{"line":6,"column":46}},"type":"binary-expr","locations":[{"start":{"line":6,"column":8},"end":{"line":6,"column":13}},{"start":{"line":6,"column":17},"end":{"line":6,"column":46}}],"line":6}},"s":{"0":2,"1":0,"2":0,"3":0},"f":{"0":0},"b":{"0":[0,0],"1":[0,0]},"inputSourceMap":null,"_coverageSchema":"1a1c01bbd47fc00a2c39e90264f33305004495a9","hash":"1731ba61554093bcda423931ba05d91824839f81"}
,"C:\\Users\\61963\\Javascript\\Projects\\Node.js\\Data Validation\\validators\\customers\\validatePhone.js": {"path":"C:\\Users\\61963\\Javascript\\Projects\\Node.js\\Data Validation\\validators\\customers\\validatePhone.js","statementMap":{"0":{"start":{"line":3,"column":16},"end":{"line":3,"column":68}},"1":{"start":{"line":6,"column":4},"end":{"line":8,"column":5}},"2":{"start":{"line":7,"column":8},"end":{"line":7,"column":21}},"3":{"start":{"line":9,"column":4},"end":{"line":9,"column":16}}},"fnMap":{"0":{"name":"validate","decl":{"start":{"line":5,"column":9},"end":{"line":5,"column":17}},"loc":{"start":{"line":5,"column":25},"end":{"line":10,"column":1}},"line":5}},"branchMap":{"0":{"loc":{"start":{"line":6,"column":4},"end":{"line":8,"column":5}},"type":"if","locations":[{"start":{"line":6,"column":4},"end":{"line":8,"column":5}},{"start":{},"end":{}}],"line":6},"1":{"loc":{"start":{"line":6,"column":8},"end":{"line":6,"column":42}},"type":"binary-expr","locations":[{"start":{"line":6,"column":8},"end":{"line":6,"column":14}},{"start":{"line":6,"column":18},"end":{"line":6,"column":42}}],"line":6}},"s":{"0":2,"1":0,"2":0,"3":0},"f":{"0":0},"b":{"0":[0,0],"1":[0,0]},"inputSourceMap":null,"_coverageSchema":"1a1c01bbd47fc00a2c39e90264f33305004495a9","hash":"bc532c643361a22122adc6d7c4cca87770c4a229"}
,"C:\\Users\\61963\\Javascript\\Projects\\Node.js\\Data Validation\\validators\\genres\\validateGenre.js": {"path":"C:\\Users\\61963\\Javascript\\Projects\\Node.js\\Data Validation\\validators\\genres\\validateGenre.js","statementMap":{"0":{"start":{"line":6,"column":19},"end":{"line":6,"column":21}},"1":{"start":{"line":8,"column":19},"end":{"line":10,"column":6}},"2":{"start":{"line":12,"column":29},"end":{"line":12,"column":51}},"3":{"start":{"line":14,"column":4},"end":{"line":18,"column":5}},"4":{"start":{"line":15,"column":8},"end":{"line":17,"column":11}},"5":{"start":{"line":16,"column":12},"end":{"line":16,"column":40}},"6":{"start":{"line":20,"column":4},"end":{"line":23,"column":6}}},"fnMap":{"0":{"name":"validateGenre","decl":{"start":{"line":5,"column":9},"end":{"line":5,"column":22}},"loc":{"start":{"line":5,"column":35},"end":{"line":24,"column":1}},"line":5},"1":{"name":"(anonymous_1)","decl":{"start":{"line":15,"column":30},"end":{"line":15,"column":31}},"loc":{"start":{"line":15,"column":42},"end":{"line":17,"column":9}},"line":15}},"branchMap":{"0":{"loc":{"start":{"line":5,"column":23},"end":{"line":5,"column":33}},"type":"default-arg","locations":[{"start":{"line":5,"column":31},"end":{"line":5,"column":33}}],"line":5},"1":{"loc":{"start":{"line":14,"column":4},"end":{"line":18,"column":5}},"type":"if","locations":[{"start":{"line":14,"column":4},"end":{"line":18,"column":5}},{"start":{},"end":{}}],"line":14}},"s":{"0":5,"1":5,"2":5,"3":5,"4":2,"5":2,"6":5},"f":{"0":5,"1":2},"b":{"0":[0],"1":[2,3]},"inputSourceMap":null,"_coverageSchema":"1a1c01bbd47fc00a2c39e90264f33305004495a9","hash":"85e30fc2358b12cdee78d5a40cfe3f7cce2b1656"}
,"C:\\Users\\61963\\Javascript\\Projects\\Node.js\\Data Validation\\validators\\genres\\validateName.js": {"path":"C:\\Users\\61963\\Javascript\\Projects\\Node.js\\Data Validation\\validators\\genres\\validateName.js","statementMap":{"0":{"start":{"line":3,"column":26},"end":{"line":7,"column":15}},"1":{"start":{"line":9,"column":16},"end":{"line":9,"column":93}},"2":{"start":{"line":12,"column":4},"end":{"line":12,"column":37}}},"fnMap":{"0":{"name":"validate","decl":{"start":{"line":11,"column":9},"end":{"line":11,"column":17}},"loc":{"start":{"line":11,"column":24},"end":{"line":13,"column":1}},"line":11}},"branchMap":{},"s":{"0":2,"1":2,"2":4},"f":{"0":4},"b":{},"inputSourceMap":null,"_coverageSchema":"1a1c01bbd47fc00a2c39e90264f33305004495a9","hash":"287e2ade2658627279baa7c835c6572899cb6576"}
,"C:\\Users\\61963\\Javascript\\Projects\\Node.js\\Data Validation\\validators\\movies\\validateMovie.js": {"path":"C:\\Users\\61963\\Javascript\\Projects\\Node.js\\Data Validation\\validators\\movies\\validateMovie.js","statementMap":{"0":{"start":{"line":5,"column":19},"end":{"line":5,"column":21}},"1":{"start":{"line":7,"column":4},"end":{"line":11,"column":5}},"2":{"start":{"line":8,"column":8},"end":{"line":8,"column":71}},"3":{"start":{"line":9,"column":11},"end":{"line":11,"column":5}},"4":{"start":{"line":10,"column":8},"end":{"line":10,"column":81}},"5":{"start":{"line":13,"column":4},"end":{"line":16,"column":6}}},"fnMap":{"0":{"name":"validatemovie","decl":{"start":{"line":4,"column":9},"end":{"line":4,"column":22}},"loc":{"start":{"line":4,"column":35},"end":{"line":17,"column":1}},"line":4}},"branchMap":{"0":{"loc":{"start":{"line":4,"column":23},"end":{"line":4,"column":33}},"type":"default-arg","locations":[{"start":{"line":4,"column":31},"end":{"line":4,"column":33}}],"line":4},"1":{"loc":{"start":{"line":7,"column":4},"end":{"line":11,"column":5}},"type":"if","locations":[{"start":{"line":7,"column":4},"end":{"line":11,"column":5}},{"start":{"line":9,"column":11},"end":{"line":11,"column":5}}],"line":7},"2":{"loc":{"start":{"line":9,"column":11},"end":{"line":11,"column":5}},"type":"if","locations":[{"start":{"line":9,"column":11},"end":{"line":11,"column":5}},{"start":{},"end":{}}],"line":9}},"s":{"0":0,"1":0,"2":0,"3":0,"4":0,"5":0},"f":{"0":0},"b":{"0":[0],"1":[0,0],"2":[0,0]},"inputSourceMap":null,"_coverageSchema":"1a1c01bbd47fc00a2c39e90264f33305004495a9","hash":"ed48012f6000debefa08429c77e530b5e697150c"}
,"C:\\Users\\61963\\Javascript\\Projects\\Node.js\\Data Validation\\validators\\rentals\\validateRental.js": {"path":"C:\\Users\\61963\\Javascript\\Projects\\Node.js\\Data Validation\\validators\\rentals\\validateRental.js","statementMap":{"0":{"start":{"line":4,"column":19},"end":{"line":4,"column":21}},"1":{"start":{"line":6,"column":4},"end":{"line":8,"column":5}},"2":{"start":{"line":7,"column":8},"end":{"line":7,"column":76}},"3":{"start":{"line":10,"column":4},"end":{"line":12,"column":5}},"4":{"start":{"line":11,"column":8},"end":{"line":11,"column":82}},"5":{"start":{"line":14,"column":4},"end":{"line":17,"column":6}}},"fnMap":{"0":{"name":"validateRental","decl":{"start":{"line":3,"column":9},"end":{"line":3,"column":23}},"loc":{"start":{"line":3,"column":37},"end":{"line":18,"column":1}},"line":3}},"branchMap":{"0":{"loc":{"start":{"line":3,"column":24},"end":{"line":3,"column":35}},"type":"default-arg","locations":[{"start":{"line":3,"column":33},"end":{"line":3,"column":35}}],"line":3},"1":{"loc":{"start":{"line":6,"column":4},"end":{"line":8,"column":5}},"type":"if","locations":[{"start":{"line":6,"column":4},"end":{"line":8,"column":5}},{"start":{},"end":{}}],"line":6},"2":{"loc":{"start":{"line":10,"column":4},"end":{"line":12,"column":5}},"type":"if","locations":[{"start":{"line":10,"column":4},"end":{"line":12,"column":5}},{"start":{},"end":{}}],"line":10}},"s":{"0":0,"1":0,"2":0,"3":0,"4":0,"5":0},"f":{"0":0},"b":{"0":[0],"1":[0,0],"2":[0,0]},"inputSourceMap":null,"_coverageSchema":"1a1c01bbd47fc00a2c39e90264f33305004495a9","hash":"06a9c5226fc86d5655a3bb3b4bd92f5bd1b51bbc"}
,"C:\\Users\\61963\\Javascript\\Projects\\Node.js\\Data Validation\\validators\\users\\validateEmail.js": {"path":"C:\\Users\\61963\\Javascript\\Projects\\Node.js\\Data Validation\\validators\\users\\validateEmail.js","statementMap":{"0":{"start":{"line":3,"column":27},"end":{"line":8,"column":12}}},"fnMap":{},"branchMap":{},"s":{"0":2},"f":{},"b":{},"inputSourceMap":null,"_coverageSchema":"1a1c01bbd47fc00a2c39e90264f33305004495a9","hash":"44d253b3d42b2442a97bd7b7961fb80b0e1de8bd"}
,"C:\\Users\\61963\\Javascript\\Projects\\Node.js\\Data Validation\\validators\\users\\validateName.js": {"path":"C:\\Users\\61963\\Javascript\\Projects\\Node.js\\Data Validation\\validators\\users\\validateName.js","statementMap":{"0":{"start":{"line":3,"column":26},"end":{"line":7,"column":15}}},"fnMap":{},"branchMap":{},"s":{"0":2},"f":{},"b":{},"inputSourceMap":null,"_coverageSchema":"1a1c01bbd47fc00a2c39e90264f33305004495a9","hash":"fb94a2db1cd4ece8b4588504dde7bb66dbf5958f"}
,"C:\\Users\\61963\\Javascript\\Projects\\Node.js\\Data Validation\\validators\\users\\validatePassword.js": {"path":"C:\\Users\\61963\\Javascript\\Projects\\Node.js\\Data Validation\\validators\\users\\validatePassword.js","statementMap":{"0":{"start":{"line":3,"column":30},"end":{"line":7,"column":15}}},"fnMap":{},"branchMap":{},"s":{"0":2},"f":{},"b":{},"inputSourceMap":null,"_coverageSchema":"1a1c01bbd47fc00a2c39e90264f33305004495a9","hash":"7452b42ff6e3d368c226baf34a20a27ed9a1b9cf"}
,"C:\\Users\\61963\\Javascript\\Projects\\Node.js\\Data Validation\\validators\\users\\validateUser.js": {"path":"C:\\Users\\61963\\Javascript\\Projects\\Node.js\\Data Validation\\validators\\users\\validateUser.js","statementMap":{"0":{"start":{"line":7,"column":19},"end":{"line":7,"column":21}},"1":{"start":{"line":9,"column":19},"end":{"line":13,"column":6}},"2":{"start":{"line":15,"column":29},"end":{"line":15,"column":50}},"3":{"start":{"line":17,"column":4},"end":{"line":21,"column":5}},"4":{"start":{"line":18,"column":8},"end":{"line":20,"column":11}},"5":{"start":{"line":19,"column":12},"end":{"line":19,"column":40}},"6":{"start":{"line":23,"column":4},"end":{"line":26,"column":6}}},"fnMap":{"0":{"name":"validateUser","decl":{"start":{"line":6,"column":9},"end":{"line":6,"column":21}},"loc":{"start":{"line":6,"column":33},"end":{"line":27,"column":1}},"line":6},"1":{"name":"(anonymous_1)","decl":{"start":{"line":18,"column":30},"end":{"line":18,"column":31}},"loc":{"start":{"line":18,"column":42},"end":{"line":20,"column":9}},"line":18}},"branchMap":{"0":{"loc":{"start":{"line":6,"column":22},"end":{"line":6,"column":31}},"type":"default-arg","locations":[{"start":{"line":6,"column":29},"end":{"line":6,"column":31}}],"line":6},"1":{"loc":{"start":{"line":17,"column":4},"end":{"line":21,"column":5}},"type":"if","locations":[{"start":{"line":17,"column":4},"end":{"line":21,"column":5}},{"start":{},"end":{}}],"line":17}},"s":{"0":0,"1":0,"2":0,"3":0,"4":0,"5":0,"6":0},"f":{"0":0,"1":0},"b":{"0":[0],"1":[0,0]},"inputSourceMap":null,"_coverageSchema":"1a1c01bbd47fc00a2c39e90264f33305004495a9","hash":"a98bba80b118df1a3ecd791f0d3f7a90c63c19d0"}
}
