TN:
SF:index.js
FN:22,(anonymous_0)
FNF:1
FNH:0
FNDA:0,(anonymous_0)
DA:9,2
DA:10,0
DA:13,2
DA:14,2
DA:16,2
DA:18,2
DA:21,2
DA:22,0
DA:23,0
LF:9
LH:6
BRDA:9,0,0,0
BRDA:9,0,1,2
BRDA:18,1,0,2
BRDA:18,1,1,2
BRDA:21,2,0,0
BRDA:21,2,1,2
BRF:6
BRH:4
end_of_record
TN:
SF:dao\customers\create.js
FN:3,createCustomer
FNF:1
FNH:0
FNDA:0,createCustomer
DA:4,0
DA:5,0
DA:6,0
LF:3
LH:0
BRF:0
BRH:0
end_of_record
TN:
SF:dao\customers\read.js
FN:3,readCustomer
FN:8,readCustomers
FNF:2
FNH:0
FNDA:0,readCustomer
FNDA:0,readCustomers
DA:4,0
DA:5,0
DA:9,0
DA:10,0
LF:4
LH:0
BRF:0
BRH:0
end_of_record
TN:
SF:dao\genres\create.js
FN:3,createGenre
FNF:1
FNH:1
FNDA:3,createGenre
DA:4,3
DA:5,3
DA:6,3
LF:3
LH:3
BRF:0
BRH:0
end_of_record
TN:
SF:dao\genres\delete.js
FN:3,removeGenre
FNF:1
FNH:0
FNDA:0,removeGenre
DA:4,0
DA:5,0
LF:2
LH:0
BRF:0
BRH:0
end_of_record
TN:
SF:dao\genres\read.js
FN:3,findGenres
FN:8,findGenreById
FNF:2
FNH:2
FNDA:1,findGenres
FNDA:1,findGenreById
DA:4,1
DA:5,1
DA:9,1
DA:10,1
LF:4
LH:4
BRF:0
BRH:0
end_of_record
TN:
SF:dao\genres\update.js
FN:3,updateGenre
FNF:1
FNH:0
FNDA:0,updateGenre
DA:4,0
DA:9,0
LF:2
LH:0
BRF:0
BRH:0
end_of_record
TN:
SF:dao\movies\create.js
FN:3,createMovie
FNF:1
FNH:0
FNDA:0,createMovie
DA:4,0
DA:5,0
DA:6,0
LF:3
LH:0
BRF:0
BRH:0
end_of_record
TN:
SF:dao\movies\delete.js
FN:3,deleteMovie
FNF:1
FNH:0
FNDA:0,deleteMovie
DA:4,0
DA:5,0
LF:2
LH:0
BRF:0
BRH:0
end_of_record
TN:
SF:dao\movies\read.js
FN:3,readMovie
FN:8,readMovies
FNF:2
FNH:0
FNDA:0,readMovie
FNDA:0,readMovies
DA:4,0
DA:5,0
DA:9,0
DA:10,0
LF:4
LH:0
BRF:0
BRH:0
end_of_record
TN:
SF:dao\movies\update.js
FN:3,updateMovie
FNF:1
FNH:0
FNDA:0,updateMovie
DA:4,0
DA:9,0
LF:2
LH:0
BRF:0
BRH:0
end_of_record
TN:
SF:dao\rentals\create.js
FN:6,createHttpError
FN:12,createRental
FN:17,(anonymous_2)
FNF:3
FNH:0
FNDA:0,createHttpError
FNDA:0,createRental
FNDA:0,(anonymous_2)
DA:7,0
DA:8,0
DA:9,0
DA:13,0
DA:16,0
DA:17,0
DA:18,0
DA:19,0
DA:20,0
DA:23,0
DA:24,0
DA:25,0
DA:28,0
DA:29,0
DA:32,0
DA:48,0
DA:49,0
DA:51,0
DA:54,0
DA:56,0
LF:20
LH:0
BRDA:19,0,0,0
BRDA:19,0,1,0
BRDA:24,1,0,0
BRDA:24,1,1,0
BRDA:28,2,0,0
BRDA:28,2,1,0
BRF:6
BRH:0
end_of_record
TN:
SF:dao\rentals\read.js
FN:3,readRental
FN:8,readRentals
FNF:2
FNH:0
FNDA:0,readRental
FNDA:0,readRentals
DA:4,0
DA:5,0
DA:9,0
DA:10,0
LF:4
LH:0
BRF:0
BRH:0
end_of_record
TN:
SF:dao\users\create.js
FN:4,createUser
FNF:1
FNH:0
FNDA:0,createUser
DA:5,0
DA:6,0
DA:7,0
LF:3
LH:0
BRF:0
BRH:0
end_of_record
TN:
SF:dao\users\read.js
FN:3,readUser
FN:8,readUsers
FNF:2
FNH:0
FNDA:0,readUser
FNDA:0,readUsers
DA:4,0
DA:5,0
DA:9,0
DA:10,0
LF:4
LH:0
BRF:0
BRH:0
end_of_record
TN:
SF:db\connector.js
FN:7,(anonymous_0)
FN:12,(anonymous_1)
FNF:2
FNH:1
FNDA:2,(anonymous_0)
FNDA:0,(anonymous_1)
DA:5,2
DA:6,2
DA:8,2
DA:9,0
DA:13,0
DA:14,0
DA:16,0
LF:7
LH:3
BRDA:8,0,0,0
BRDA:8,0,1,2
BRDA:13,1,0,0
BRDA:13,1,1,0
BRF:4
BRH:1
end_of_record
TN:
SF:middleware\admin.js
FN:1,admin
FNF:1
FNH:0
FNDA:0,admin
DA:2,0
DA:3,0
DA:5,0
LF:3
LH:0
BRDA:2,0,0,0
BRDA:2,0,1,0
BRF:2
BRH:0
end_of_record
TN:
SF:middleware\auth.js
FN:4,auth
FNF:1
FNH:1
FNDA:9,auth
DA:5,9
DA:6,9
DA:7,2
DA:10,7
DA:11,7
DA:12,6
DA:13,6
DA:16,1
LF:8
LH:8
BRDA:6,0,0,2
BRDA:6,0,1,7
BRF:2
BRH:2
end_of_record
TN:
SF:middleware\error.js
FN:3,error
FNF:1
FNH:0
FNDA:0,error
DA:4,0
DA:5,0
LF:2
LH:0
BRF:0
BRH:0
end_of_record
TN:
SF:middleware\validate.js
FN:1,validate
FN:2,(anonymous_1)
FNF:2
FNH:2
FNDA:12,validate
FNDA:5,(anonymous_1)
DA:2,12
DA:3,5
DA:4,5
DA:5,2
DA:10,3
LF:5
LH:5
BRDA:4,0,0,2
BRDA:4,0,1,3
BRF:2
BRH:2
end_of_record
TN:
SF:middleware\validateObjectJd.js
FN:3,validateObjectId
FNF:1
FNH:1
FNDA:2,validateObjectId
DA:4,2
DA:5,1
DA:7,1
LF:3
LH:3
BRDA:4,0,0,1
BRDA:4,0,1,1
BRF:2
BRH:2
end_of_record
TN:
SF:routes\auth.js
FN:11,(anonymous_0)
FNF:1
FNH:0
FNDA:0,(anonymous_0)
DA:7,2
DA:9,2
DA:11,2
DA:12,0
DA:13,0
DA:14,0
DA:15,0
DA:18,0
DA:19,0
DA:20,0
DA:23,0
DA:25,0
DA:27,0
LF:13
LH:3
BRDA:14,0,0,0
BRDA:14,0,1,0
BRDA:19,1,0,0
BRDA:19,1,1,0
BRF:4
BRH:0
end_of_record
TN:
SF:routes\customers.js
FN:10,(anonymous_0)
FN:15,(anonymous_1)
FN:23,(anonymous_2)
FNF:3
FNH:0
FNDA:0,(anonymous_0)
FNDA:0,(anonymous_1)
FNDA:0,(anonymous_2)
DA:7,2
DA:8,2
DA:10,2
DA:11,0
DA:12,0
DA:15,2
DA:16,0
DA:17,0
DA:18,0
DA:20,0
DA:23,2
DA:24,0
DA:25,0
DA:30,0
DA:32,0
DA:33,0
DA:35,0
LF:17
LH:5
BRDA:17,0,0,0
BRDA:17,0,1,0
BRDA:32,1,0,0
BRDA:32,1,1,0
BRF:4
BRH:0
end_of_record
TN:
SF:routes\genres.js
FN:18,(anonymous_0)
FN:23,(anonymous_1)
FN:31,(anonymous_2)
FN:36,(anonymous_3)
FN:44,(anonymous_4)
FNF:5
FNH:3
FNDA:1,(anonymous_0)
FNDA:1,(anonymous_1)
FNDA:3,(anonymous_2)
FNDA:0,(anonymous_3)
FNDA:0,(anonymous_4)
DA:13,2
DA:15,2
DA:16,2
DA:18,2
DA:19,1
DA:20,1
DA:23,2
DA:24,1
DA:25,1
DA:26,0
DA:28,1
DA:31,2
DA:32,3
DA:33,3
DA:36,2
DA:37,0
DA:38,0
DA:39,0
DA:41,0
DA:44,2
DA:45,0
DA:46,0
DA:47,0
DA:49,0
LF:24
LH:15
BRDA:25,0,0,0
BRDA:25,0,1,1
BRDA:38,1,0,0
BRDA:38,1,1,0
BRDA:46,2,0,0
BRDA:46,2,1,0
BRF:6
BRH:1
end_of_record
TN:
SF:routes\movies.js
FN:13,(anonymous_0)
FN:18,(anonymous_1)
FN:26,(anonymous_2)
FN:34,(anonymous_3)
FN:44,(anonymous_4)
FN:56,(anonymous_5)
FN:66,(anonymous_6)
FNF:7
FNH:0
FNDA:0,(anonymous_0)
FNDA:0,(anonymous_1)
FNDA:0,(anonymous_2)
FNDA:0,(anonymous_3)
FNDA:0,(anonymous_4)
FNDA:0,(anonymous_5)
FNDA:0,(anonymous_6)
DA:9,2
DA:11,2
DA:13,2
DA:14,0
DA:15,0
DA:18,2
DA:19,0
DA:20,0
DA:21,0
DA:23,0
DA:26,2
DA:27,0
DA:28,0
DA:29,0
DA:31,0
DA:32,0
DA:34,0
DA:40,0
DA:44,2
DA:45,0
DA:46,0
DA:47,0
DA:48,0
DA:50,0
DA:53,0
DA:54,0
DA:56,0
DA:62,0
DA:66,2
DA:67,0
DA:68,0
LF:31
LH:7
BRDA:20,0,0,0
BRDA:20,0,1,0
BRDA:31,1,0,0
BRDA:31,1,1,0
BRDA:47,2,0,0
BRDA:47,2,1,0
BRDA:53,3,0,0
BRDA:53,3,1,0
BRF:8
BRH:0
end_of_record
TN:
SF:routes\rentals.js
FN:11,(anonymous_0)
FN:16,(anonymous_1)
FN:24,(anonymous_2)
FN:36,(anonymous_3)
FNF:4
FNH:0
FNDA:0,(anonymous_0)
FNDA:0,(anonymous_1)
FNDA:0,(anonymous_2)
FNDA:0,(anonymous_3)
DA:7,2
DA:9,2
DA:11,2
DA:12,0
DA:13,0
DA:16,2
DA:17,0
DA:18,0
DA:19,0
DA:21,0
DA:24,2
DA:25,0
DA:26,0
DA:27,0
DA:29,0
DA:30,0
DA:33,0
DA:34,0
DA:36,0
DA:42,0
LF:20
LH:5
BRDA:18,0,0,0
BRDA:18,0,1,0
BRDA:29,1,0,0
BRDA:29,1,1,0
BRDA:33,2,0,0
BRDA:33,2,1,0
BRF:6
BRH:0
end_of_record
TN:
SF:routes\routes.js
FN:19,useRoutes
FN:21,(anonymous_1)
FNF:2
FNH:2
FNDA:2,useRoutes
FNDA:12,(anonymous_1)
DA:10,2
DA:20,2
DA:21,2
DA:22,12
DA:24,2
LF:5
LH:5
BRF:0
BRH:0
end_of_record
TN:
SF:routes\users.js
FN:15,(anonymous_0)
FN:20,(anonymous_1)
FN:25,(anonymous_2)
FN:33,(anonymous_3)
FNF:4
FNH:0
FNDA:0,(anonymous_0)
FNDA:0,(anonymous_1)
FNDA:0,(anonymous_2)
FNDA:0,(anonymous_3)
DA:11,2
DA:13,2
DA:15,2
DA:16,0
DA:17,0
DA:20,2
DA:21,0
DA:22,0
DA:25,2
DA:26,0
DA:27,0
DA:28,0
DA:30,0
DA:33,2
DA:34,0
DA:36,0
DA:37,0
DA:38,0
DA:41,0
DA:44,0
DA:45,0
DA:48,0
DA:50,0
DA:52,0
DA:59,0
LF:25
LH:6
BRDA:27,0,0,0
BRDA:27,0,1,0
BRDA:37,1,0,0
BRDA:37,1,1,0
BRF:4
BRH:0
end_of_record
TN:
SF:schema\customers.js
FNF:0
FNH:0
DA:3,2
DA:9,2
LF:2
LH:2
BRF:0
BRH:0
end_of_record
TN:
SF:schema\genres.js
FN:9,(anonymous_0)
FNF:1
FNH:1
FNDA:4,(anonymous_0)
DA:4,2
DA:10,4
DA:17,2
LF:3
LH:3
BRF:0
BRH:0
end_of_record
TN:
SF:schema\movies.js
FNF:0
FNH:0
DA:4,2
DA:11,2
LF:2
LH:2
BRF:0
BRH:0
end_of_record
TN:
SF:schema\rentals.js
FNF:0
FNH:0
DA:5,2
DA:24,2
LF:2
LH:2
BRF:0
BRH:0
end_of_record
TN:
SF:schema\users.js
FN:31,(anonymous_0)
FNF:1
FNH:1
FNDA:10,(anonymous_0)
DA:5,4
DA:31,4
DA:32,10
DA:38,10
DA:41,4
LF:5
LH:5
BRF:0
BRH:0
end_of_record
TN:
SF:utils\startup\config.js
FN:3,validateConfig
FNF:1
FNH:1
FNDA:2,validateConfig
DA:4,2
DA:5,0
LF:2
LH:1
BRDA:4,0,0,0
BRDA:4,0,1,2
BRF:2
BRH:1
end_of_record
TN:
SF:utils\startup\logging.js
FN:3,initLogging
FNF:1
FNH:0
FNDA:0,initLogging
DA:4,0
DA:6,0
DA:11,0
DA:15,0
DA:17,0
LF:5
LH:0
BRF:0
BRH:0
end_of_record
TN:
SF:utils\validators\validateNull.js
FN:1,isNull
FNF:1
FNH:0
FNDA:0,isNull
DA:2,0
LF:1
LH:0
BRDA:2,0,0,0
BRDA:2,0,1,0
BRDA:2,0,2,0
BRF:3
BRH:0
end_of_record
TN:
SF:validators\auth\validateAuth.js
FN:5,validateAuth
FN:16,(anonymous_1)
FNF:2
FNH:0
FNDA:0,validateAuth
FNDA:0,(anonymous_1)
DA:6,0
DA:8,0
DA:13,0
DA:15,0
DA:16,0
DA:17,0
DA:21,0
LF:7
LH:0
BRDA:5,0,0,0
BRDA:15,1,0,0
BRDA:15,1,1,0
BRF:3
BRH:0
end_of_record
TN:
SF:validators\customers\rules.js
FNF:0
FNH:0
DA:1,2
DA:2,2
LF:2
LH:2
BRF:0
BRH:0
end_of_record
TN:
SF:validators\customers\validateCustomer.js
FN:5,validateCustomer
FNF:1
FNH:0
FNDA:0,validateCustomer
DA:6,0
DA:8,0
DA:9,0
DA:10,0
DA:11,0
DA:14,0
DA:15,0
DA:16,0
DA:17,0
DA:20,0
LF:10
LH:0
BRDA:5,0,0,0
BRDA:8,1,0,0
BRDA:8,1,1,0
BRDA:10,2,0,0
BRDA:10,2,1,0
BRDA:14,3,0,0
BRDA:14,3,1,0
BRDA:16,4,0,0
BRDA:16,4,1,0
BRF:9
BRH:0
end_of_record
TN:
SF:validators\customers\validateName.js
FN:5,validate
FNF:1
FNH:0
FNDA:0,validate
DA:3,2
DA:6,0
DA:7,0
DA:9,0
LF:4
LH:1
BRDA:6,0,0,0
BRDA:6,0,1,0
BRDA:6,1,0,0
BRDA:6,1,1,0
BRF:4
BRH:0
end_of_record
TN:
SF:validators\customers\validatePhone.js
FN:5,validate
FNF:1
FNH:0
FNDA:0,validate
DA:3,2
DA:6,0
DA:7,0
DA:9,0
LF:4
LH:1
BRDA:6,0,0,0
BRDA:6,0,1,0
BRDA:6,1,0,0
BRDA:6,1,1,0
BRF:4
BRH:0
end_of_record
TN:
SF:validators\genres\validateGenre.js
FN:5,validateGenre
FN:15,(anonymous_1)
FNF:2
FNH:2
FNDA:5,validateGenre
FNDA:2,(anonymous_1)
DA:6,5
DA:8,5
DA:12,5
DA:14,5
DA:15,2
DA:16,2
DA:20,5
LF:7
LH:7
BRDA:5,0,0,0
BRDA:14,1,0,2
BRDA:14,1,1,3
BRF:3
BRH:2
end_of_record
TN:
SF:validators\genres\validateName.js
FN:11,validate
FNF:1
FNH:1
FNDA:4,validate
DA:3,2
DA:9,2
DA:12,4
LF:3
LH:3
BRF:0
BRH:0
end_of_record
TN:
SF:validators\movies\validateMovie.js
FN:4,validatemovie
FNF:1
FNH:0
FNDA:0,validatemovie
DA:5,0
DA:7,0
DA:8,0
DA:9,0
DA:10,0
DA:13,0
LF:6
LH:0
BRDA:4,0,0,0
BRDA:7,1,0,0
BRDA:7,1,1,0
BRDA:9,2,0,0
BRDA:9,2,1,0
BRF:5
BRH:0
end_of_record
TN:
SF:validators\rentals\validateRental.js
FN:3,validateRental
FNF:1
FNH:0
FNDA:0,validateRental
DA:4,0
DA:6,0
DA:7,0
DA:10,0
DA:11,0
DA:14,0
LF:6
LH:0
BRDA:3,0,0,0
BRDA:6,1,0,0
BRDA:6,1,1,0
BRDA:10,2,0,0
BRDA:10,2,1,0
BRF:5
BRH:0
end_of_record
TN:
SF:validators\users\validateEmail.js
FNF:0
FNH:0
DA:3,2
LF:1
LH:1
BRF:0
BRH:0
end_of_record
TN:
SF:validators\users\validateName.js
FNF:0
FNH:0
DA:3,2
LF:1
LH:1
BRF:0
BRH:0
end_of_record
TN:
SF:validators\users\validatePassword.js
FNF:0
FNH:0
DA:3,2
LF:1
LH:1
BRF:0
BRH:0
end_of_record
TN:
SF:validators\users\validateUser.js
FN:6,validateUser
FN:18,(anonymous_1)
FNF:2
FNH:0
FNDA:0,validateUser
FNDA:0,(anonymous_1)
DA:7,0
DA:9,0
DA:15,0
DA:17,0
DA:18,0
DA:19,0
DA:23,0
LF:7
LH:0
BRDA:6,0,0,0
BRDA:17,1,0,0
BRDA:17,1,1,0
BRF:3
BRH:0
end_of_record
